end_time_stamps  [488, 1037, 1550, 2117, 2675, 3267, 3784, 4342, 4886, 5440, 6030, 6633, 7222, 7802, 8430, 9004, 9629, 10211, 10808, 11401, 11989, 12603, 13215, 13818, 14458, 15077, 15667, 16262, 16896, 17516, 18086, 18707]
mean duration  36.53803125
delta  29
tot_samples  18752
pos_samples  928
neg_samples  17824
*** after sampling ***
tot_samples  1856
pos_samples  928
neg_samples  928
train_samples  1484
val_samples  372
train  [527, 14477, 5199, 4683, 17737, 1052, 10923, 951, 13238, 9022]
val  [13838, 15677, 7809, 11403, 15102, 16338, 10029, 2135, 17535, 2679]
end_time_stamps  [488, 1037, 1550, 2117, 2675, 3267, 3784, 4342, 4886, 5440, 6030, 6633, 7222, 7802, 8430, 9004, 9629, 10211, 10808, 11401, 11989, 12603, 13215, 13818, 14458, 15077, 15667, 16262, 16896, 17516, 18086, 18707]
mean duration  36.53803125
delta  29
tot_samples  18752
pos_samples  928
neg_samples  17824
*** after sampling ***
tot_samples  1856
pos_samples  928
neg_samples  928
train_samples  1484
val_samples  372
train  [527, 14477, 5199, 4683, 17737, 1052, 10923, 951, 13238, 9022]
val  [13838, 15677, 7809, 11403, 15102, 16338, 10029, 2135, 17535, 2679]
[INFO] training the network...
[INFO] EPOCH: 0/60
Time: 0.288 min, Train loss: 0.193574
[INFO] saving regression model...
[INFO] validate model...
Val loss: 0.518387
[INFO] EPOCH: 1/60
Time: 0.279 min, Train loss: 0.153425
[INFO] saving regression model...
[INFO] validate model...
Val loss: 0.241250
[INFO] EPOCH: 2/60
Time: 0.284 min, Train loss: 0.118149
[INFO] saving regression model...
[INFO] validate model...
Val loss: 0.316772
[INFO] EPOCH: 3/60
Time: 0.275 min, Train loss: 0.086035
[INFO] saving regression model...
[INFO] validate model...
Val loss: 0.113258
[INFO] EPOCH: 4/60
Time: 0.271 min, Train loss: 0.044029
[INFO] saving regression model...
[INFO] validate model...
Val loss: 0.382873
[INFO] EPOCH: 5/60
Time: 0.280 min, Train loss: 0.141112
[INFO] saving regression model...
[INFO] validate model...
Val loss: 0.015546
[INFO] EPOCH: 6/60
Time: 0.284 min, Train loss: 0.024466
[INFO] saving regression model...
[INFO] validate model...
Val loss: 0.016760
[INFO] EPOCH: 7/60
Time: 0.278 min, Train loss: 0.049140
[INFO] saving regression model...
[INFO] validate model...
Val loss: 0.020889
[INFO] EPOCH: 8/60
Time: 0.284 min, Train loss: 0.046750
[INFO] saving regression model...
[INFO] validate model...
Val loss: 0.233127
[INFO] EPOCH: 9/60
Time: 0.276 min, Train loss: 0.088250
[INFO] saving regression model...
[INFO] validate model...
Val loss: 0.091851
[INFO] EPOCH: 10/60
Time: 0.276 min, Train loss: 0.037338
[INFO] saving regression model...
[INFO] validate model...
Val loss: 0.186614
[INFO] EPOCH: 11/60
Time: 0.278 min, Train loss: 0.032674
[INFO] saving regression model...
[INFO] validate model...
Val loss: 0.157106
[INFO] EPOCH: 12/60
Time: 0.282 min, Train loss: 0.039948
[INFO] saving regression model...
[INFO] validate model...
Val loss: 0.019664
[INFO] EPOCH: 13/60
Time: 0.288 min, Train loss: 0.023242
[INFO] saving regression model...
[INFO] validate model...
Val loss: 0.008583
[INFO] EPOCH: 14/60
Time: 0.279 min, Train loss: 0.030027
[INFO] saving regression model...
[INFO] validate model...
Val loss: 0.043872
[INFO] EPOCH: 15/60
Time: 0.274 min, Train loss: 0.025841
[INFO] saving regression model...
[INFO] validate model...
Val loss: 0.160414
[INFO] EPOCH: 16/60
Time: 0.274 min, Train loss: 0.025107
[INFO] saving regression model...
[INFO] validate model...
Val loss: 0.055974
[INFO] EPOCH: 17/60
Time: 0.274 min, Train loss: 0.064349
[INFO] saving regression model...
[INFO] validate model...
Val loss: 0.071892
[INFO] EPOCH: 18/60
Time: 0.284 min, Train loss: 0.025100
[INFO] saving regression model...
[INFO] validate model...
Val loss: 0.007204
[INFO] EPOCH: 19/60
Time: 0.282 min, Train loss: 0.022654
[INFO] saving regression model...
[INFO] validate model...
Val loss: 0.030438
[INFO] EPOCH: 20/60
Time: 0.273 min, Train loss: 0.008349
[INFO] saving regression model...
[INFO] validate model...
Val loss: 0.002304
[INFO] EPOCH: 21/60
Time: 0.269 min, Train loss: 0.004792
[INFO] saving regression model...
[INFO] validate model...
Val loss: 0.001893
[INFO] EPOCH: 22/60
Time: 0.269 min, Train loss: 0.003982
[INFO] saving regression model...
[INFO] validate model...
Val loss: 0.001668
[INFO] EPOCH: 23/60
Time: 0.286 min, Train loss: 0.004754
[INFO] saving regression model...
[INFO] validate model...
Val loss: 0.001795
[INFO] EPOCH: 24/60
Time: 0.276 min, Train loss: 0.003876
[INFO] saving regression model...
[INFO] validate model...
Val loss: 0.001656
[INFO] EPOCH: 25/60
Time: 0.287 min, Train loss: 0.004043
[INFO] saving regression model...
[INFO] validate model...
Val loss: 0.001674
[INFO] EPOCH: 26/60
Time: 0.290 min, Train loss: 0.005550
[INFO] saving regression model...
[INFO] validate model...
Val loss: 0.001608
[INFO] EPOCH: 27/60
Time: 0.288 min, Train loss: 0.004176
[INFO] saving regression model...
[INFO] validate model...
Val loss: 0.001519
[INFO] EPOCH: 28/60
Time: 0.274 min, Train loss: 0.004885
[INFO] saving regression model...
[INFO] validate model...
Val loss: 0.002110
[INFO] EPOCH: 29/60
Time: 0.273 min, Train loss: 0.005590
[INFO] saving regression model...
[INFO] validate model...
Val loss: 0.001411
[INFO] EPOCH: 30/60
Time: 0.280 min, Train loss: 0.004230
[INFO] saving regression model...
[INFO] validate model...
Val loss: 0.001395
[INFO] EPOCH: 31/60
Time: 0.284 min, Train loss: 0.003632
[INFO] saving regression model...
[INFO] validate model...
Val loss: 0.001436
[INFO] EPOCH: 32/60
Time: 0.273 min, Train loss: 0.003144
[INFO] saving regression model...
[INFO] validate model...
Val loss: 0.001545
[INFO] EPOCH: 33/60
Time: 0.283 min, Train loss: 0.004186
[INFO] saving regression model...
[INFO] validate model...
Val loss: 0.001606
[INFO] EPOCH: 34/60
Time: 0.277 min, Train loss: 0.003051
[INFO] saving regression model...
[INFO] validate model...
Val loss: 0.001258
[INFO] EPOCH: 35/60
Time: 0.281 min, Train loss: 0.004400
[INFO] saving regression model...
[INFO] validate model...
Val loss: 0.001303
[INFO] EPOCH: 36/60
Time: 0.276 min, Train loss: 0.004065
[INFO] saving regression model...
[INFO] validate model...
Val loss: 0.001383
[INFO] EPOCH: 37/60
Time: 0.274 min, Train loss: 0.003714
[INFO] saving regression model...
[INFO] validate model...
Val loss: 0.001230
[INFO] EPOCH: 38/60
Time: 0.280 min, Train loss: 0.003260
[INFO] saving regression model...
[INFO] validate model...
Val loss: 0.001423
[INFO] EPOCH: 39/60
Time: 0.272 min, Train loss: 0.004032
[INFO] saving regression model...
[INFO] validate model...
Val loss: 0.001219
[INFO] EPOCH: 40/60
Time: 0.280 min, Train loss: 0.004595
[INFO] saving regression model...
[INFO] validate model...
Val loss: 0.001360
[INFO] EPOCH: 41/60
Time: 0.279 min, Train loss: 0.005145
[INFO] saving regression model...
[INFO] validate model...
Val loss: 0.001308
[INFO] EPOCH: 42/60
Time: 0.282 min, Train loss: 0.003174
[INFO] saving regression model...
[INFO] validate model...
Val loss: 0.001185
[INFO] EPOCH: 43/60
Time: 0.281 min, Train loss: 0.003058
[INFO] saving regression model...
[INFO] validate model...
Val loss: 0.001175
[INFO] EPOCH: 44/60
Time: 0.280 min, Train loss: 0.004593
[INFO] saving regression model...
[INFO] validate model...
Val loss: 0.001695
[INFO] EPOCH: 45/60
Time: 0.279 min, Train loss: 0.003032
[INFO] saving regression model...
[INFO] validate model...
Val loss: 0.001181
[INFO] EPOCH: 46/60
Time: 0.282 min, Train loss: 0.003717
[INFO] saving regression model...
[INFO] validate model...
Val loss: 0.001191
[INFO] EPOCH: 47/60
Time: 0.274 min, Train loss: 0.002867
[INFO] saving regression model...
[INFO] validate model...
Val loss: 0.001220
[INFO] EPOCH: 48/60
Time: 0.285 min, Train loss: 0.003879
[INFO] saving regression model...
[INFO] validate model...
Val loss: 0.001183
[INFO] EPOCH: 49/60
Time: 0.271 min, Train loss: 0.004193
[INFO] saving regression model...
[INFO] validate model...
Val loss: 0.001163
[INFO] EPOCH: 50/60
Time: 0.285 min, Train loss: 0.003854
[INFO] saving regression model...
[INFO] validate model...
Val loss: 0.001160
[INFO] EPOCH: 51/60
Time: 0.275 min, Train loss: 0.004312
[INFO] saving regression model...
[INFO] validate model...
Val loss: 0.001147
[INFO] EPOCH: 52/60
Time: 0.280 min, Train loss: 0.003377
[INFO] saving regression model...
[INFO] validate model...
Val loss: 0.001157
[INFO] EPOCH: 53/60
Time: 0.275 min, Train loss: 0.004573
[INFO] saving regression model...
[INFO] validate model...
Val loss: 0.001489
[INFO] EPOCH: 54/60
Time: 0.277 min, Train loss: 0.002529
[INFO] saving regression model...
[INFO] validate model...
Val loss: 0.001157
[INFO] EPOCH: 55/60
Time: 0.272 min, Train loss: 0.003862
[INFO] saving regression model...
[INFO] validate model...
Val loss: 0.001209
[INFO] EPOCH: 56/60
Time: 0.279 min, Train loss: 0.003113
[INFO] saving regression model...
[INFO] validate model...
Val loss: 0.001157
[INFO] EPOCH: 57/60
Time: 0.274 min, Train loss: 0.003632
[INFO] saving regression model...
[INFO] validate model...
Val loss: 0.001146
[INFO] EPOCH: 58/60
Time: 0.278 min, Train loss: 0.004099
[INFO] saving regression model...
[INFO] validate model...
Val loss: 0.001576
[INFO] EPOCH: 59/60
Time: 0.281 min, Train loss: 0.004128
[INFO] saving regression model...
[INFO] validate model...
Val loss: 0.001217
[INFO] EPOCH: 60/60
Time: 0.289 min, Train loss: 0.003778
[INFO] saving regression model...
[INFO] validate model...
Val loss: 0.001157
