data_dir:  hard_data/kontoor/clip_1/
model_dir:  ./models/hard_data/kontoor/exp2/
self.fps  29.97
end_time_stamps  [364, 749, 1130, 1509, 1943, 2318, 2687, 3079, 3502, 3965]
mean duration  13.2303
delta  20
tot_samples  3627
pos_samples  180
neg_samples  3447
*** after sampling ***
tot_samples  360
pos_samples  180
neg_samples  180
train_samples  288
val_samples  72
train  [762, 1950, 382, 2484, 1788, 1358, 1951, 225, 985, 305]
val  [3445, 2516, 1880, 841, 3504, 3092, 1878, 1875, 1410, 6]
self.fps  29.97
end_time_stamps  [364, 749, 1130, 1509, 1943, 2318, 2687, 3079, 3502, 3965]
mean duration  13.2303
delta  20
tot_samples  3627
pos_samples  180
neg_samples  3447
*** after sampling ***
tot_samples  360
pos_samples  180
neg_samples  180
train_samples  288
val_samples  72
train  [762, 1950, 382, 2484, 1788, 1358, 1951, 225, 985, 305]
val  [3445, 2516, 1880, 841, 3504, 3092, 1878, 1875, 1410, 6]
[INFO] training the network...
[INFO] EPOCH: 0/60
Time: 0.163 min, Train loss: 0.139140
[INFO] saving regression model...
[INFO] validate model...
Val loss: 0.132769
[INFO] EPOCH: 1/60
Time: 0.163 min, Train loss: 0.068373
[INFO] saving regression model...
[INFO] EPOCH: 2/60
Time: 0.162 min, Train loss: 0.047513
[INFO] saving regression model...
[INFO] EPOCH: 3/60
Time: 0.164 min, Train loss: 0.034123
[INFO] saving regression model...
[INFO] EPOCH: 4/60
Time: 0.172 min, Train loss: 0.033866
[INFO] saving regression model...
[INFO] EPOCH: 5/60
Time: 0.174 min, Train loss: 0.025468
[INFO] saving regression model...
[INFO] validate model...
Val loss: 0.162958
[INFO] EPOCH: 6/60
Time: 0.169 min, Train loss: 0.020303
[INFO] saving regression model...
[INFO] EPOCH: 7/60
Time: 0.156 min, Train loss: 0.016003
[INFO] saving regression model...
[INFO] EPOCH: 8/60
Time: 0.166 min, Train loss: 0.012714
[INFO] saving regression model...
[INFO] EPOCH: 9/60
Time: 0.165 min, Train loss: 0.011533
[INFO] saving regression model...
[INFO] EPOCH: 10/60
Time: 0.163 min, Train loss: 0.013181
[INFO] saving regression model...
[INFO] validate model...
Val loss: 0.012428
[INFO] EPOCH: 11/60
Time: 0.165 min, Train loss: 0.011543
[INFO] saving regression model...
[INFO] EPOCH: 12/60
Time: 0.164 min, Train loss: 0.012233
[INFO] saving regression model...
[INFO] EPOCH: 13/60
Time: 0.164 min, Train loss: 0.012663
[INFO] saving regression model...
[INFO] EPOCH: 14/60
Time: 0.160 min, Train loss: 0.006168
[INFO] saving regression model...
[INFO] EPOCH: 15/60
Time: 0.172 min, Train loss: 0.011260
[INFO] saving regression model...
[INFO] validate model...
Val loss: 0.006990
[INFO] EPOCH: 16/60
Time: 0.171 min, Train loss: 0.008119
[INFO] saving regression model...
[INFO] EPOCH: 17/60
Time: 0.168 min, Train loss: 0.003663
[INFO] saving regression model...
[INFO] EPOCH: 18/60
Time: 0.178 min, Train loss: 0.007421
[INFO] saving regression model...
[INFO] EPOCH: 19/60
Time: 0.167 min, Train loss: 0.008382
[INFO] saving regression model...
[INFO] EPOCH: 20/60
Time: 0.168 min, Train loss: 0.007875
[INFO] saving regression model...
[INFO] validate model...
Val loss: 0.001404
[INFO] EPOCH: 21/60
Time: 0.158 min, Train loss: 0.005738
[INFO] saving regression model...
[INFO] EPOCH: 22/60
Time: 0.166 min, Train loss: 0.004310
[INFO] saving regression model...
[INFO] EPOCH: 23/60
Time: 0.179 min, Train loss: 0.005473
[INFO] saving regression model...
[INFO] EPOCH: 24/60
Time: 0.170 min, Train loss: 0.003099
[INFO] saving regression model...
[INFO] EPOCH: 25/60
Time: 0.167 min, Train loss: 0.005865
[INFO] saving regression model...
[INFO] validate model...
Val loss: 0.001091
[INFO] EPOCH: 26/60
Time: 0.164 min, Train loss: 0.005735
[INFO] saving regression model...
[INFO] EPOCH: 27/60
Time: 0.160 min, Train loss: 0.005763
[INFO] saving regression model...
[INFO] EPOCH: 28/60
Time: 0.156 min, Train loss: 0.003210
[INFO] saving regression model...
[INFO] EPOCH: 29/60
Time: 0.161 min, Train loss: 0.006010
[INFO] saving regression model...
[INFO] EPOCH: 30/60
Time: 0.164 min, Train loss: 0.003268
[INFO] saving regression model...
[INFO] validate model...
Val loss: 0.000950
[INFO] EPOCH: 31/60
Time: 0.173 min, Train loss: 0.003637
[INFO] saving regression model...
[INFO] EPOCH: 32/60
Time: 0.179 min, Train loss: 0.004261
[INFO] saving regression model...
[INFO] EPOCH: 33/60
Time: 0.170 min, Train loss: 0.006422
[INFO] saving regression model...
[INFO] EPOCH: 34/60
Time: 0.161 min, Train loss: 0.006266
[INFO] saving regression model...
[INFO] EPOCH: 35/60
Time: 0.163 min, Train loss: 0.002780
[INFO] saving regression model...
[INFO] validate model...
Val loss: 0.000764
[INFO] EPOCH: 36/60
Time: 0.171 min, Train loss: 0.003411
[INFO] saving regression model...
[INFO] EPOCH: 37/60
Time: 0.172 min, Train loss: 0.004830
[INFO] saving regression model...
[INFO] EPOCH: 38/60
Time: 0.159 min, Train loss: 0.006147
[INFO] saving regression model...
[INFO] EPOCH: 39/60
Time: 0.161 min, Train loss: 0.004034
[INFO] saving regression model...
[INFO] EPOCH: 40/60
Time: 0.178 min, Train loss: 0.005801
[INFO] saving regression model...
[INFO] validate model...
Val loss: 0.000678
[INFO] EPOCH: 41/60
Time: 0.159 min, Train loss: 0.008144
[INFO] saving regression model...
[INFO] EPOCH: 42/60
Time: 0.159 min, Train loss: 0.004300
[INFO] saving regression model...
[INFO] EPOCH: 43/60
Time: 0.165 min, Train loss: 0.005823
[INFO] saving regression model...
[INFO] EPOCH: 44/60
Time: 0.161 min, Train loss: 0.009402
[INFO] saving regression model...
[INFO] EPOCH: 45/60
Time: 0.159 min, Train loss: 0.003394
[INFO] saving regression model...
[INFO] validate model...
