end_time_stamps  [488, 1037, 1550, 2117, 2675, 3267, 3784, 4342, 4886, 5440, 6030, 6633, 7222, 7802, 8430, 9004, 9629, 10211, 10808, 11401, 11989, 12603, 13215, 13818, 14458, 15077, 15667, 16262, 16896, 17516, 18086, 18707]
mean duration  36.53803125
delta  29
tot_samples  18752
pos_samples  928
neg_samples  17824
*** after sampling ***
tot_samples  1856
pos_samples  928
neg_samples  928
train_samples  1484
val_samples  372
train  [527, 14477, 5199, 4683, 17737, 1052, 10923, 951, 13238, 9022]
val  [13838, 15677, 7809, 11403, 15102, 16338, 10029, 2135, 17535, 2679]
end_time_stamps  [488, 1037, 1550, 2117, 2675, 3267, 3784, 4342, 4886, 5440, 6030, 6633, 7222, 7802, 8430, 9004, 9629, 10211, 10808, 11401, 11989, 12603, 13215, 13818, 14458, 15077, 15667, 16262, 16896, 17516, 18086, 18707]
mean duration  36.53803125
delta  29
tot_samples  18752
pos_samples  928
neg_samples  17824
*** after sampling ***
tot_samples  1856
pos_samples  928
neg_samples  928
train_samples  1484
val_samples  372
train  [527, 14477, 5199, 4683, 17737, 1052, 10923, 951, 13238, 9022]
val  [13838, 15677, 7809, 11403, 15102, 16338, 10029, 2135, 17535, 2679]
[INFO] training the network...
[INFO] EPOCH: 0/60
Time: 1.414 min, Train loss: 0.092850
[INFO] saving regression model...
[INFO] validate model...
Val loss: 0.265318
[INFO] EPOCH: 1/60
Time: 1.355 min, Train loss: 0.056045
[INFO] saving regression model...
[INFO] validate model...
Val loss: 0.161555
[INFO] EPOCH: 2/60
Time: 1.496 min, Train loss: 0.046505
[INFO] saving regression model...
[INFO] validate model...
Val loss: 0.054892
[INFO] EPOCH: 3/60
Time: 1.400 min, Train loss: 0.035956
[INFO] saving regression model...
[INFO] validate model...
Val loss: 0.050133
[INFO] EPOCH: 4/60
Time: 1.363 min, Train loss: 0.032516
[INFO] saving regression model...
[INFO] validate model...
Val loss: 0.118865
[INFO] EPOCH: 5/60
Time: 1.338 min, Train loss: 0.029422
[INFO] saving regression model...
[INFO] validate model...
Val loss: 0.050033
[INFO] EPOCH: 6/60
Time: 1.349 min, Train loss: 0.025192
[INFO] saving regression model...
[INFO] validate model...
Val loss: 0.023149
[INFO] EPOCH: 7/60
Time: 1.348 min, Train loss: 0.022525
[INFO] saving regression model...
[INFO] validate model...
Val loss: 0.028692
[INFO] EPOCH: 8/60
Time: 1.371 min, Train loss: 0.021161
[INFO] saving regression model...
[INFO] validate model...
Val loss: 0.018828
[INFO] EPOCH: 9/60
Time: 1.325 min, Train loss: 0.022145
[INFO] saving regression model...
[INFO] validate model...
Val loss: 0.026781
[INFO] EPOCH: 10/60
Time: 1.348 min, Train loss: 0.017081
[INFO] saving regression model...
[INFO] validate model...
Val loss: 0.015786
[INFO] EPOCH: 11/60
Time: 1.350 min, Train loss: 0.015840
[INFO] saving regression model...
[INFO] validate model...
Val loss: 0.015491
[INFO] EPOCH: 12/60
Time: 1.369 min, Train loss: 0.018185
[INFO] saving regression model...
[INFO] validate model...
Val loss: 0.017125
[INFO] EPOCH: 13/60
Time: 1.325 min, Train loss: 0.016923
[INFO] saving regression model...
[INFO] validate model...
Val loss: 0.020521
[INFO] EPOCH: 14/60
Time: 1.359 min, Train loss: 0.013815
[INFO] saving regression model...
[INFO] validate model...
Val loss: 0.011723
[INFO] EPOCH: 15/60
Time: 1.349 min, Train loss: 0.015131
[INFO] saving regression model...
[INFO] validate model...
Val loss: 0.018853
[INFO] EPOCH: 16/60
Time: 1.351 min, Train loss: 0.013323
[INFO] saving regression model...
[INFO] validate model...
Val loss: 0.023300
[INFO] EPOCH: 17/60
Time: 1.352 min, Train loss: 0.013544
[INFO] saving regression model...
[INFO] validate model...
Val loss: 0.012854
[INFO] EPOCH: 18/60
Time: 1.363 min, Train loss: 0.012006
[INFO] saving regression model...
[INFO] validate model...
Val loss: 0.013706
[INFO] EPOCH: 19/60
Time: 1.339 min, Train loss: 0.011236
[INFO] saving regression model...
[INFO] validate model...
Val loss: 0.007361
[INFO] EPOCH: 20/60
Time: 1.343 min, Train loss: 0.009834
[INFO] saving regression model...
[INFO] validate model...
Val loss: 0.004893
[INFO] EPOCH: 21/60
Time: 1.372 min, Train loss: 0.009447
[INFO] saving regression model...
[INFO] validate model...
Val loss: 0.004865
[INFO] EPOCH: 22/60
Time: 1.374 min, Train loss: 0.008566
[INFO] saving regression model...
[INFO] validate model...
Val loss: 0.004787
[INFO] EPOCH: 23/60
Time: 1.340 min, Train loss: 0.008254
[INFO] saving regression model...
[INFO] validate model...
Val loss: 0.005114
[INFO] EPOCH: 24/60
Time: 1.363 min, Train loss: 0.010911
[INFO] saving regression model...
[INFO] validate model...
Val loss: 0.004999
[INFO] EPOCH: 25/60
Time: 1.551 min, Train loss: 0.010708
[INFO] saving regression model...
[INFO] validate model...
Val loss: 0.004659
[INFO] EPOCH: 26/60
Time: 1.675 min, Train loss: 0.009575
[INFO] saving regression model...
[INFO] validate model...
Val loss: 0.004584
[INFO] EPOCH: 27/60
Time: 1.644 min, Train loss: 0.007918
[INFO] saving regression model...
[INFO] validate model...
Val loss: 0.004593
[INFO] EPOCH: 28/60
Time: 1.446 min, Train loss: 0.009984
[INFO] saving regression model...
[INFO] validate model...
Val loss: 0.004781
[INFO] EPOCH: 29/60
Time: 1.376 min, Train loss: 0.010016
[INFO] saving regression model...
[INFO] validate model...
Val loss: 0.004528
[INFO] EPOCH: 30/60
Time: 1.452 min, Train loss: 0.009987
[INFO] saving regression model...
[INFO] validate model...
Val loss: 0.004514
[INFO] EPOCH: 31/60
Time: 1.575 min, Train loss: 0.009711
[INFO] saving regression model...
[INFO] validate model...
Val loss: 0.004360
[INFO] EPOCH: 32/60
Time: 1.575 min, Train loss: 0.010978
[INFO] saving regression model...
[INFO] validate model...
Val loss: 0.004368
[INFO] EPOCH: 33/60
Time: 1.341 min, Train loss: 0.008678
[INFO] saving regression model...
[INFO] validate model...
Val loss: 0.004460
[INFO] EPOCH: 34/60
Time: 1.363 min, Train loss: 0.007749
[INFO] saving regression model...
[INFO] validate model...
Val loss: 0.004227
[INFO] EPOCH: 35/60
Time: 1.656 min, Train loss: 0.009969
[INFO] saving regression model...
[INFO] validate model...
Val loss: 0.004478
[INFO] EPOCH: 36/60
Time: 1.437 min, Train loss: 0.008164
[INFO] saving regression model...
[INFO] validate model...
Val loss: 0.004369
[INFO] EPOCH: 37/60
Time: 1.336 min, Train loss: 0.007869
[INFO] saving regression model...
[INFO] validate model...
Val loss: 0.004290
[INFO] EPOCH: 38/60
Time: 1.355 min, Train loss: 0.008806
[INFO] saving regression model...
[INFO] validate model...
Val loss: 0.004120
[INFO] EPOCH: 39/60
Time: 1.362 min, Train loss: 0.008328
[INFO] saving regression model...
[INFO] validate model...
Val loss: 0.004162
[INFO] EPOCH: 40/60
Time: 1.370 min, Train loss: 0.007609
[INFO] saving regression model...
[INFO] validate model...
Val loss: 0.004133
[INFO] EPOCH: 41/60
Time: 1.355 min, Train loss: 0.008814
[INFO] saving regression model...
[INFO] validate model...
Val loss: 0.004108
[INFO] EPOCH: 42/60
Time: 1.347 min, Train loss: 0.010531
[INFO] saving regression model...
[INFO] validate model...
Val loss: 0.004075
