data_dir:  hard_data/folding/clip_1/
model_dir:  ./models/hard_data/folding/exp2/
end_time_stamps  [215, 385, 547, 698, 839, 1025, 1158, 1404, 1560, 1766, 1987]
mean duration  11.28981818181818
delta  9
tot_samples  2000
pos_samples  99
neg_samples  1901
*** after sampling ***
tot_samples  198
pos_samples  99
neg_samples  99
train_samples  158
val_samples  40
train  [1767, 1564, 391, 215, 1567, 1347, 331, 116, 1563, 218]
val  [846, 892, 97, 1412, 969, 840, 697, 847, 1273, 830]
end_time_stamps  [215, 385, 547, 698, 839, 1025, 1158, 1404, 1560, 1766, 1987]
mean duration  11.28981818181818
delta  9
tot_samples  2000
pos_samples  99
neg_samples  1901
*** after sampling ***
tot_samples  198
pos_samples  99
neg_samples  99
train_samples  158
val_samples  40
train  [1767, 1564, 391, 215, 1567, 1347, 331, 116, 1563, 218]
val  [846, 892, 97, 1412, 969, 840, 697, 847, 1273, 830]
[INFO] training the network...
[INFO] EPOCH: 0/60
Time: 0.144 min, Train loss: 0.218066
[INFO] saving regression model...
[INFO] validate model...
Val loss: 0.151828
[INFO] EPOCH: 1/60
Time: 0.142 min, Train loss: 0.089875
[INFO] saving regression model...
[INFO] EPOCH: 2/60
Time: 0.144 min, Train loss: 0.072315
[INFO] saving regression model...
[INFO] EPOCH: 3/60
Time: 0.138 min, Train loss: 0.060295
[INFO] saving regression model...
[INFO] EPOCH: 4/60
Time: 0.142 min, Train loss: 0.044539
[INFO] saving regression model...
[INFO] EPOCH: 5/60
Time: 0.143 min, Train loss: 0.045053
[INFO] saving regression model...
[INFO] validate model...
Val loss: 0.148434
[INFO] EPOCH: 6/60
Time: 0.138 min, Train loss: 0.033506
[INFO] saving regression model...
[INFO] EPOCH: 7/60
Time: 0.139 min, Train loss: 0.031613
[INFO] saving regression model...
[INFO] EPOCH: 8/60
Time: 0.141 min, Train loss: 0.030353
[INFO] saving regression model...
[INFO] EPOCH: 9/60
Time: 0.141 min, Train loss: 0.028918
[INFO] saving regression model...
[INFO] EPOCH: 10/60
Time: 0.139 min, Train loss: 0.028734
[INFO] saving regression model...
[INFO] validate model...
Val loss: 0.085788
[INFO] EPOCH: 11/60
Time: 0.134 min, Train loss: 0.019877
[INFO] saving regression model...
[INFO] EPOCH: 12/60
Time: 0.135 min, Train loss: 0.024220
[INFO] saving regression model...
[INFO] EPOCH: 13/60
Time: 0.136 min, Train loss: 0.017451
[INFO] saving regression model...
[INFO] EPOCH: 14/60
Time: 0.135 min, Train loss: 0.014100
[INFO] saving regression model...
[INFO] EPOCH: 15/60
Time: 0.137 min, Train loss: 0.014768
[INFO] saving regression model...
[INFO] validate model...
Val loss: 0.020990
[INFO] EPOCH: 16/60
Time: 0.142 min, Train loss: 0.014892
[INFO] saving regression model...
[INFO] EPOCH: 17/60
Time: 0.142 min, Train loss: 0.008912
[INFO] saving regression model...
[INFO] EPOCH: 18/60
Time: 0.147 min, Train loss: 0.020442
[INFO] saving regression model...
[INFO] EPOCH: 19/60
Time: 0.145 min, Train loss: 0.011458
[INFO] saving regression model...
[INFO] EPOCH: 20/60
Time: 0.141 min, Train loss: 0.006658
[INFO] saving regression model...
[INFO] validate model...
Val loss: 0.004432
[INFO] EPOCH: 21/60
Time: 0.143 min, Train loss: 0.013216
[INFO] saving regression model...
[INFO] EPOCH: 22/60
Time: 0.142 min, Train loss: 0.013706
[INFO] saving regression model...
[INFO] EPOCH: 23/60
Time: 0.139 min, Train loss: 0.007521
[INFO] saving regression model...
[INFO] EPOCH: 24/60
Time: 0.140 min, Train loss: 0.011227
[INFO] saving regression model...
[INFO] EPOCH: 25/60
Time: 0.140 min, Train loss: 0.009591
[INFO] saving regression model...
[INFO] validate model...
Val loss: 0.003728
[INFO] EPOCH: 26/60
Time: 0.131 min, Train loss: 0.010542
[INFO] saving regression model...
[INFO] EPOCH: 27/60
Time: 0.133 min, Train loss: 0.012402
[INFO] saving regression model...
[INFO] EPOCH: 28/60
Time: 0.142 min, Train loss: 0.011648
[INFO] saving regression model...
[INFO] EPOCH: 29/60
Time: 0.145 min, Train loss: 0.010397
[INFO] saving regression model...
[INFO] EPOCH: 30/60
Time: 0.143 min, Train loss: 0.007295
[INFO] saving regression model...
[INFO] validate model...
Val loss: 0.003063
[INFO] EPOCH: 31/60
Time: 0.139 min, Train loss: 0.009335
[INFO] saving regression model...
[INFO] EPOCH: 32/60
Time: 0.136 min, Train loss: 0.008805
[INFO] saving regression model...
[INFO] EPOCH: 33/60
Time: 0.139 min, Train loss: 0.010960
[INFO] saving regression model...
[INFO] EPOCH: 34/60
Time: 0.142 min, Train loss: 0.006978
[INFO] saving regression model...
[INFO] EPOCH: 35/60
Time: 0.141 min, Train loss: 0.008769
[INFO] saving regression model...
[INFO] validate model...
Val loss: 0.003020
[INFO] EPOCH: 36/60
Time: 0.143 min, Train loss: 0.008427
[INFO] saving regression model...
[INFO] EPOCH: 37/60
Time: 0.145 min, Train loss: 0.005950
[INFO] saving regression model...
[INFO] EPOCH: 38/60
Time: 0.142 min, Train loss: 0.010977
[INFO] saving regression model...
[INFO] EPOCH: 39/60
Time: 0.131 min, Train loss: 0.011379
[INFO] saving regression model...
[INFO] EPOCH: 40/60
Time: 0.138 min, Train loss: 0.006519
[INFO] saving regression model...
[INFO] validate model...
Val loss: 0.002368
[INFO] EPOCH: 41/60
Time: 0.131 min, Train loss: 0.011352
[INFO] saving regression model...
[INFO] EPOCH: 42/60
Time: 0.132 min, Train loss: 0.007101
[INFO] saving regression model...
[INFO] EPOCH: 43/60
Time: 0.136 min, Train loss: 0.006439
[INFO] saving regression model...
[INFO] EPOCH: 44/60
Time: 0.137 min, Train loss: 0.008920
[INFO] saving regression model...
[INFO] EPOCH: 45/60
Time: 0.139 min, Train loss: 0.012671
[INFO] saving regression model...
[INFO] validate model...
Val loss: 0.002238
[INFO] EPOCH: 46/60
Time: 0.146 min, Train loss: 0.005694
[INFO] saving regression model...
[INFO] EPOCH: 47/60
Time: 0.135 min, Train loss: 0.007497
[INFO] saving regression model...
[INFO] EPOCH: 48/60
Time: 0.136 min, Train loss: 0.006182
[INFO] saving regression model...
[INFO] EPOCH: 49/60
Time: 0.140 min, Train loss: 0.007075
[INFO] saving regression model...
[INFO] EPOCH: 50/60
Time: 0.146 min, Train loss: 0.009557
[INFO] saving regression model...
[INFO] validate model...
Val loss: 0.002189
[INFO] EPOCH: 51/60
Time: 0.144 min, Train loss: 0.012520
[INFO] saving regression model...
[INFO] EPOCH: 52/60
Time: 0.137 min, Train loss: 0.009075
[INFO] saving regression model...
[INFO] EPOCH: 53/60
Time: 0.146 min, Train loss: 0.008046
[INFO] saving regression model...
[INFO] EPOCH: 54/60
Time: 0.139 min, Train loss: 0.005652
[INFO] saving regression model...
[INFO] EPOCH: 55/60
Time: 0.134 min, Train loss: 0.006082
[INFO] saving regression model...
[INFO] validate model...
Val loss: 0.001996
[INFO] EPOCH: 56/60
Time: 0.138 min, Train loss: 0.006999
[INFO] saving regression model...
[INFO] EPOCH: 57/60
Time: 0.134 min, Train loss: 0.005257
[INFO] saving regression model...
[INFO] EPOCH: 58/60
Time: 0.141 min, Train loss: 0.007166
[INFO] saving regression model...
[INFO] EPOCH: 59/60
Time: 0.139 min, Train loss: 0.008253
[INFO] saving regression model...
[INFO] EPOCH: 60/60
Time: 0.140 min, Train loss: 0.005907
[INFO] saving regression model...
[INFO] validate model...
Val loss: 0.001951
