lr  0.01
data_dir:  hard_data/kontoor/clip_1/
model_dir:  ./models/hard_data/kontoor/exp3_5/
self.fps  29.97
self.num_ts  3
self.tstride  3
end_time_stamps  [364, 749, 1130, 1509, 1943, 2318, 2687, 3079, 3502, 3965]
mean duration  13.2303
delta  20
tot_samples  3627
pos_samples  180
neg_samples  3447
*** after sampling ***
neg_stride  6
tot_samples  755
pos_samples  180
neg_samples  575
train_samples  717
val_samples  38
train  [3370, 270, 1200, 3582, 1646, 3418, 2478, 2798, 2376, 832]
val  [3086, 2502, 2332, 512, 1236, 440, 3484, 3508, 12, 686]
self.fps  29.97
self.num_ts  3
self.tstride  3
end_time_stamps  [364, 749, 1130, 1509, 1943, 2318, 2687, 3079, 3502, 3965]
mean duration  13.2303
delta  20
tot_samples  3627
pos_samples  180
neg_samples  3447
*** after sampling ***
neg_stride  6
tot_samples  755
pos_samples  180
neg_samples  575
train_samples  717
val_samples  38
train  [3370, 270, 1200, 3582, 1646, 3418, 2478, 2798, 2376, 832]
val  [3086, 2502, 2332, 512, 1236, 440, 3484, 3508, 12, 686]
[INFO] training the network...
[INFO] EPOCH: 0/60
Time: 0.366 min, Train loss: 1.591594
[INFO] saving regression model...
[INFO] validate model...
Val loss: 0.625226
[INFO] EPOCH: 1/60
Time: 0.371 min, Train loss: 1.079857
[INFO] saving regression model...
[INFO] EPOCH: 2/60
Time: 0.365 min, Train loss: 0.616967
[INFO] saving regression model...
[INFO] EPOCH: 3/60
Time: 0.366 min, Train loss: 0.351614
[INFO] saving regression model...
[INFO] EPOCH: 4/60
Time: 0.365 min, Train loss: 0.247081
[INFO] saving regression model...
[INFO] EPOCH: 5/60
Time: 0.373 min, Train loss: 0.306423
[INFO] saving regression model...
[INFO] EPOCH: 6/60
Time: 0.367 min, Train loss: 0.100090
[INFO] saving regression model...
[INFO] EPOCH: 7/60
Time: 0.364 min, Train loss: 0.144621
[INFO] saving regression model...
[INFO] EPOCH: 8/60
Time: 0.370 min, Train loss: 0.140316
[INFO] saving regression model...
[INFO] EPOCH: 9/60
Time: 0.366 min, Train loss: 0.153370
[INFO] saving regression model...
[INFO] EPOCH: 10/60
Time: 0.376 min, Train loss: 0.186985
[INFO] saving regression model...
[INFO] validate model...
Val loss: 0.246360
[INFO] EPOCH: 11/60
Time: 0.375 min, Train loss: 0.111121
[INFO] saving regression model...
[INFO] EPOCH: 12/60
Time: 0.360 min, Train loss: 0.133595
[INFO] saving regression model...
[INFO] EPOCH: 13/60
Time: 0.366 min, Train loss: 0.098439
[INFO] saving regression model...
[INFO] EPOCH: 14/60
Time: 0.374 min, Train loss: 0.052325
[INFO] saving regression model...
[INFO] EPOCH: 15/60
Time: 0.372 min, Train loss: 0.131078
[INFO] saving regression model...
[INFO] EPOCH: 16/60
Time: 0.378 min, Train loss: 0.074285
[INFO] saving regression model...
[INFO] EPOCH: 17/60
Time: 0.370 min, Train loss: 0.134627
[INFO] saving regression model...
[INFO] EPOCH: 18/60
Time: 0.362 min, Train loss: 0.066690
[INFO] saving regression model...
[INFO] EPOCH: 19/60
Time: 0.374 min, Train loss: 0.044310
[INFO] saving regression model...
[INFO] EPOCH: 20/60
Time: 0.372 min, Train loss: 0.056441
[INFO] saving regression model...
[INFO] validate model...
Val loss: 0.007238
[INFO] EPOCH: 21/60
Time: 0.392 min, Train loss: 0.039250
[INFO] saving regression model...
[INFO] EPOCH: 22/60
Time: 0.398 min, Train loss: 0.045992
[INFO] saving regression model...
[INFO] EPOCH: 23/60
Time: 0.390 min, Train loss: 0.034745
[INFO] saving regression model...
[INFO] EPOCH: 24/60
Time: 0.394 min, Train loss: 0.016877
[INFO] saving regression model...
[INFO] EPOCH: 25/60
Time: 0.397 min, Train loss: 0.022721
[INFO] saving regression model...
[INFO] EPOCH: 26/60
Time: 0.392 min, Train loss: 0.018345
[INFO] saving regression model...
[INFO] EPOCH: 27/60
Time: 0.381 min, Train loss: 0.011172
[INFO] saving regression model...
[INFO] EPOCH: 28/60
Time: 0.379 min, Train loss: 0.016526
[INFO] saving regression model...
[INFO] EPOCH: 29/60
Time: 0.399 min, Train loss: 0.033689
[INFO] saving regression model...
[INFO] EPOCH: 30/60
Time: 0.418 min, Train loss: 0.023506
[INFO] saving regression model...
[INFO] validate model...
Val loss: 0.002385
[INFO] EPOCH: 31/60
Time: 0.416 min, Train loss: 0.013332
[INFO] saving regression model...
[INFO] EPOCH: 32/60
Time: 0.433 min, Train loss: 0.024751
[INFO] saving regression model...
[INFO] EPOCH: 33/60
Time: 0.438 min, Train loss: 0.021524
[INFO] saving regression model...
[INFO] EPOCH: 34/60
Time: 0.440 min, Train loss: 0.021135
[INFO] saving regression model...
[INFO] EPOCH: 35/60
Time: 0.426 min, Train loss: 0.010415
[INFO] saving regression model...
[INFO] EPOCH: 36/60
Time: 0.431 min, Train loss: 0.019668
[INFO] saving regression model...
[INFO] EPOCH: 37/60
Time: 0.405 min, Train loss: 0.021976
[INFO] saving regression model...
[INFO] EPOCH: 38/60
Time: 0.409 min, Train loss: 0.020375
[INFO] saving regression model...
[INFO] EPOCH: 39/60
Time: 0.417 min, Train loss: 0.021436
[INFO] saving regression model...
[INFO] EPOCH: 40/60
Time: 0.415 min, Train loss: 0.017529
[INFO] saving regression model...
[INFO] validate model...
Val loss: 0.010503
[INFO] EPOCH: 41/60
Time: 0.413 min, Train loss: 0.010452
[INFO] saving regression model...
[INFO] EPOCH: 42/60
Time: 0.412 min, Train loss: 0.020120
[INFO] saving regression model...
[INFO] EPOCH: 43/60
Time: 0.417 min, Train loss: 0.027376
[INFO] saving regression model...
[INFO] EPOCH: 44/60
Time: 0.445 min, Train loss: 0.014459
[INFO] saving regression model...
[INFO] EPOCH: 45/60
Time: 0.435 min, Train loss: 0.020588
[INFO] saving regression model...
[INFO] EPOCH: 46/60
Time: 0.438 min, Train loss: 0.050408
[INFO] saving regression model...
[INFO] EPOCH: 47/60
Time: 0.434 min, Train loss: 0.012099
[INFO] saving regression model...
[INFO] EPOCH: 48/60
Time: 0.408 min, Train loss: 0.020757
[INFO] saving regression model...
[INFO] EPOCH: 49/60
Time: 0.418 min, Train loss: 0.024296
[INFO] saving regression model...
[INFO] EPOCH: 50/60
Time: 0.429 min, Train loss: 0.022666
[INFO] saving regression model...
[INFO] validate model...
Val loss: 0.003550
[INFO] EPOCH: 51/60
Time: 0.407 min, Train loss: 0.009112
[INFO] saving regression model...
[INFO] EPOCH: 52/60
Time: 0.438 min, Train loss: 0.006637
[INFO] saving regression model...
[INFO] EPOCH: 53/60
Time: 0.435 min, Train loss: 0.005780
[INFO] saving regression model...
[INFO] EPOCH: 54/60
Time: 0.428 min, Train loss: 0.022481
[INFO] saving regression model...
[INFO] EPOCH: 55/60
Time: 0.435 min, Train loss: 0.008157
[INFO] saving regression model...
[INFO] EPOCH: 56/60
Time: 0.437 min, Train loss: 0.012835
[INFO] saving regression model...
[INFO] EPOCH: 57/60
Time: 0.433 min, Train loss: 0.014921
[INFO] saving regression model...
[INFO] EPOCH: 58/60
Time: 0.418 min, Train loss: 0.022158
[INFO] saving regression model...
[INFO] EPOCH: 59/60
Time: 0.412 min, Train loss: 0.008920
[INFO] saving regression model...
[INFO] EPOCH: 60/60
Time: 0.417 min, Train loss: 0.015062
[INFO] saving regression model...
[INFO] validate model...
Val loss: 0.001513
