data_dir:  hard_data/folding/clip_1/
model_dir:  ./models/hard_data/folding/exp3_1/
self.fps  16.0
end_time_stamps  [215, 385, 547, 698, 839, 1025, 1158, 1404, 1560, 1766, 1987]
mean duration  11.28981818181818
delta  9
tot_samples  2000
pos_samples  99
neg_samples  1901
*** after sampling ***
neg_stride  6
tot_samples  416
pos_samples  99
neg_samples  317
train_samples  395
val_samples  21
train  [1872, 552, 951, 768, 567, 1641, 700, 1158, 1974, 389]
val  [708, 24, 1800, 1452, 1287, 223, 1407, 762, 1406, 1659]
self.fps  16.0
end_time_stamps  [215, 385, 547, 698, 839, 1025, 1158, 1404, 1560, 1766, 1987]
mean duration  11.28981818181818
delta  9
tot_samples  2000
pos_samples  99
neg_samples  1901
*** after sampling ***
neg_stride  6
tot_samples  416
pos_samples  99
neg_samples  317
train_samples  395
val_samples  21
train  [1872, 552, 951, 768, 567, 1641, 700, 1158, 1974, 389]
val  [708, 24, 1800, 1452, 1287, 223, 1407, 762, 1406, 1659]
[INFO] training the network...
[INFO] EPOCH: 0/60
Time: 0.300 min, Train loss: 0.117330
[INFO] saving regression model...
[INFO] validate model...
Val loss: 0.117463
[INFO] EPOCH: 1/60
Time: 0.268 min, Train loss: 0.115950
[INFO] saving regression model...
[INFO] EPOCH: 2/60
Time: 0.274 min, Train loss: 0.093720
[INFO] saving regression model...
[INFO] EPOCH: 3/60
Time: 0.281 min, Train loss: 0.077503
[INFO] saving regression model...
[INFO] EPOCH: 4/60
Time: 0.278 min, Train loss: 0.069861
[INFO] saving regression model...
[INFO] EPOCH: 5/60
Time: 0.282 min, Train loss: 0.063485
[INFO] saving regression model...
[INFO] validate model...
Val loss: 0.068410
[INFO] EPOCH: 6/60
Time: 0.287 min, Train loss: 0.059407
[INFO] saving regression model...
[INFO] EPOCH: 7/60
Time: 0.287 min, Train loss: 0.055220
[INFO] saving regression model...
[INFO] EPOCH: 8/60
Time: 0.289 min, Train loss: 0.055421
[INFO] saving regression model...
[INFO] EPOCH: 9/60
Time: 0.287 min, Train loss: 0.051570
[INFO] saving regression model...
[INFO] EPOCH: 10/60
Time: 0.278 min, Train loss: 0.045819
[INFO] saving regression model...
[INFO] validate model...
Val loss: 0.040677
[INFO] EPOCH: 11/60
Time: 0.284 min, Train loss: 0.041920
[INFO] saving regression model...
[INFO] EPOCH: 12/60
Time: 0.288 min, Train loss: 0.039508
[INFO] saving regression model...
[INFO] EPOCH: 13/60
Time: 0.288 min, Train loss: 0.039414
[INFO] saving regression model...
[INFO] EPOCH: 14/60
Time: 0.284 min, Train loss: 0.036767
[INFO] saving regression model...
[INFO] EPOCH: 15/60
Time: 0.290 min, Train loss: 0.033296
[INFO] saving regression model...
[INFO] validate model...
Val loss: 0.032208
[INFO] EPOCH: 16/60
Time: 0.287 min, Train loss: 0.029666
[INFO] saving regression model...
[INFO] EPOCH: 17/60
Time: 0.278 min, Train loss: 0.028766
[INFO] saving regression model...
[INFO] EPOCH: 18/60
Time: 0.281 min, Train loss: 0.025910
[INFO] saving regression model...
[INFO] EPOCH: 19/60
Time: 0.289 min, Train loss: 0.027055
[INFO] saving regression model...
[INFO] EPOCH: 20/60
Time: 0.280 min, Train loss: 0.028442
[INFO] saving regression model...
[INFO] validate model...
Val loss: 0.020728
[INFO] EPOCH: 21/60
Time: 0.331 min, Train loss: 0.022416
[INFO] saving regression model...
[INFO] EPOCH: 22/60
Time: 0.333 min, Train loss: 0.022131
[INFO] saving regression model...
[INFO] EPOCH: 23/60
Time: 0.332 min, Train loss: 0.021899
[INFO] saving regression model...
[INFO] EPOCH: 24/60
Time: 0.340 min, Train loss: 0.021252
[INFO] saving regression model...
[INFO] EPOCH: 25/60
Time: 0.335 min, Train loss: 0.020429
[INFO] saving regression model...
[INFO] validate model...
Val loss: 0.016826
[INFO] EPOCH: 26/60
Time: 0.342 min, Train loss: 0.022451
[INFO] saving regression model...
[INFO] EPOCH: 27/60
Time: 0.335 min, Train loss: 0.021573
[INFO] saving regression model...
[INFO] EPOCH: 28/60
Time: 0.333 min, Train loss: 0.022209
[INFO] saving regression model...
[INFO] EPOCH: 29/60
Time: 0.306 min, Train loss: 0.019281
[INFO] saving regression model...
[INFO] EPOCH: 30/60
Time: 0.321 min, Train loss: 0.021576
[INFO] saving regression model...
[INFO] validate model...
Val loss: 0.015797
[INFO] EPOCH: 31/60
Time: 0.334 min, Train loss: 0.023038
[INFO] saving regression model...
[INFO] EPOCH: 32/60
Time: 0.335 min, Train loss: 0.019842
[INFO] saving regression model...
[INFO] EPOCH: 33/60
Time: 0.330 min, Train loss: 0.018910
[INFO] saving regression model...
[INFO] EPOCH: 34/60
Time: 0.337 min, Train loss: 0.020903
[INFO] saving regression model...
[INFO] EPOCH: 35/60
Time: 0.338 min, Train loss: 0.019421
[INFO] saving regression model...
[INFO] validate model...
Val loss: 0.015319
[INFO] EPOCH: 36/60
Time: 0.355 min, Train loss: 0.018053
[INFO] saving regression model...
[INFO] EPOCH: 37/60
Time: 0.344 min, Train loss: 0.022424
[INFO] saving regression model...
[INFO] EPOCH: 38/60
Time: 0.334 min, Train loss: 0.018772
[INFO] saving regression model...
[INFO] EPOCH: 39/60
Time: 0.334 min, Train loss: 0.020342
[INFO] saving regression model...
[INFO] EPOCH: 40/60
Time: 0.338 min, Train loss: 0.017864
[INFO] saving regression model...
[INFO] validate model...
Val loss: 0.014522
[INFO] EPOCH: 41/60
Time: 0.339 min, Train loss: 0.018814
[INFO] saving regression model...
[INFO] EPOCH: 42/60
Time: 0.337 min, Train loss: 0.020226
[INFO] saving regression model...
[INFO] EPOCH: 43/60
Time: 0.337 min, Train loss: 0.017371
[INFO] saving regression model...
[INFO] EPOCH: 44/60
Time: 0.337 min, Train loss: 0.018515
[INFO] saving regression model...
[INFO] EPOCH: 45/60
Time: 0.338 min, Train loss: 0.018448
[INFO] saving regression model...
[INFO] validate model...
Val loss: 0.014343
[INFO] EPOCH: 46/60
Time: 0.338 min, Train loss: 0.017729
[INFO] saving regression model...
[INFO] EPOCH: 47/60
Time: 0.350 min, Train loss: 0.021027
[INFO] saving regression model...
[INFO] EPOCH: 48/60
Time: 0.358 min, Train loss: 0.017679
[INFO] saving regression model...
[INFO] EPOCH: 49/60
Time: 0.341 min, Train loss: 0.019064
[INFO] saving regression model...
[INFO] EPOCH: 50/60
Time: 0.365 min, Train loss: 0.023393
[INFO] saving regression model...
[INFO] validate model...
Val loss: 0.014467
[INFO] EPOCH: 51/60
Time: 0.352 min, Train loss: 0.021250
[INFO] saving regression model...
[INFO] EPOCH: 52/60
Time: 0.358 min, Train loss: 0.018990
[INFO] saving regression model...
[INFO] EPOCH: 53/60
Time: 0.346 min, Train loss: 0.018479
[INFO] saving regression model...
[INFO] EPOCH: 54/60
Time: 0.336 min, Train loss: 0.021029
[INFO] saving regression model...
[INFO] EPOCH: 55/60
Time: 0.359 min, Train loss: 0.017396
[INFO] saving regression model...
[INFO] validate model...
Val loss: 0.014400
[INFO] EPOCH: 56/60
Time: 0.361 min, Train loss: 0.018853
[INFO] saving regression model...
[INFO] EPOCH: 57/60
Time: 0.359 min, Train loss: 0.019987
[INFO] saving regression model...
[INFO] EPOCH: 58/60
Time: 0.338 min, Train loss: 0.018972
[INFO] saving regression model...
[INFO] EPOCH: 59/60
Time: 0.334 min, Train loss: 0.021501
[INFO] saving regression model...
[INFO] EPOCH: 60/60
Time: 0.336 min, Train loss: 0.019946
[INFO] saving regression model...
[INFO] validate model...
Val loss: 0.014186
