data_dir:  hard_data/folding/clip_1/
model_dir:  ./models/hard_data/folding/exp3/
self.fps  16.0
end_time_stamps  [215, 385, 547, 698, 839, 1025, 1158, 1404, 1560, 1766, 1987]
mean duration  11.28981818181818
delta  9
tot_samples  2000
pos_samples  99
neg_samples  1901
*** after sampling ***
tot_samples  198
pos_samples  99
neg_samples  99
train_samples  158
val_samples  40
train  [1767, 1564, 391, 215, 1567, 1347, 331, 116, 1563, 218]
val  [846, 892, 97, 1412, 969, 840, 697, 847, 1273, 830]
self.fps  16.0
end_time_stamps  [215, 385, 547, 698, 839, 1025, 1158, 1404, 1560, 1766, 1987]
mean duration  11.28981818181818
delta  9
tot_samples  2000
pos_samples  99
neg_samples  1901
*** after sampling ***
tot_samples  198
pos_samples  99
neg_samples  99
train_samples  158
val_samples  40
train  [1767, 1564, 391, 215, 1567, 1347, 331, 116, 1563, 218]
val  [846, 892, 97, 1412, 969, 840, 697, 847, 1273, 830]
[INFO] training the network...
[INFO] EPOCH: 0/60
Time: 0.114 min, Train loss: 0.158634
[INFO] saving regression model...
[INFO] validate model...
Val loss: 0.183799
[INFO] EPOCH: 1/60
Time: 0.111 min, Train loss: 0.091073
[INFO] saving regression model...
[INFO] EPOCH: 2/60
Time: 0.114 min, Train loss: 0.067065
[INFO] saving regression model...
[INFO] EPOCH: 3/60
Time: 0.112 min, Train loss: 0.054299
[INFO] saving regression model...
[INFO] EPOCH: 4/60
Time: 0.113 min, Train loss: 0.049443
[INFO] saving regression model...
[INFO] EPOCH: 5/60
Time: 0.114 min, Train loss: 0.048841
[INFO] saving regression model...
[INFO] validate model...
Val loss: 0.123778
[INFO] EPOCH: 6/60
Time: 0.111 min, Train loss: 0.036533
[INFO] saving regression model...
[INFO] EPOCH: 7/60
Time: 0.117 min, Train loss: 0.030750
[INFO] saving regression model...
[INFO] EPOCH: 8/60
Time: 0.119 min, Train loss: 0.025558
[INFO] saving regression model...
[INFO] EPOCH: 9/60
Time: 0.119 min, Train loss: 0.023975
[INFO] saving regression model...
[INFO] EPOCH: 10/60
Time: 0.118 min, Train loss: 0.020875
[INFO] saving regression model...
[INFO] validate model...
Val loss: 0.073904
[INFO] EPOCH: 11/60
Time: 0.114 min, Train loss: 0.023420
[INFO] saving regression model...
[INFO] EPOCH: 12/60
Time: 0.119 min, Train loss: 0.023800
[INFO] saving regression model...
[INFO] EPOCH: 13/60
Time: 0.116 min, Train loss: 0.020711
[INFO] saving regression model...
[INFO] EPOCH: 14/60
Time: 0.115 min, Train loss: 0.020870
[INFO] saving regression model...
[INFO] EPOCH: 15/60
Time: 0.117 min, Train loss: 0.010318
[INFO] saving regression model...
[INFO] validate model...
Val loss: 0.015454
[INFO] EPOCH: 16/60
Time: 0.118 min, Train loss: 0.010287
[INFO] saving regression model...
[INFO] EPOCH: 17/60
Time: 0.112 min, Train loss: 0.009404
[INFO] saving regression model...
[INFO] EPOCH: 18/60
Time: 0.117 min, Train loss: 0.012568
[INFO] saving regression model...
[INFO] EPOCH: 19/60
Time: 0.117 min, Train loss: 0.008617
[INFO] saving regression model...
[INFO] EPOCH: 20/60
Time: 0.113 min, Train loss: 0.010571
[INFO] saving regression model...
[INFO] validate model...
Val loss: 0.004176
[INFO] EPOCH: 21/60
Time: 0.114 min, Train loss: 0.009887
[INFO] saving regression model...
[INFO] EPOCH: 22/60
Time: 0.111 min, Train loss: 0.007508
[INFO] saving regression model...
[INFO] EPOCH: 23/60
Time: 0.115 min, Train loss: 0.005522
[INFO] saving regression model...
[INFO] EPOCH: 24/60
Time: 0.117 min, Train loss: 0.007398
[INFO] saving regression model...
[INFO] EPOCH: 25/60
Time: 0.113 min, Train loss: 0.006862
[INFO] saving regression model...
[INFO] validate model...
Val loss: 0.003229
[INFO] EPOCH: 26/60
Time: 0.110 min, Train loss: 0.004204
[INFO] saving regression model...
[INFO] EPOCH: 27/60
Time: 0.113 min, Train loss: 0.005604
[INFO] saving regression model...
[INFO] EPOCH: 28/60
Time: 0.109 min, Train loss: 0.008871
[INFO] saving regression model...
[INFO] EPOCH: 29/60
Time: 0.116 min, Train loss: 0.005582
[INFO] saving regression model...
[INFO] EPOCH: 30/60
Time: 0.114 min, Train loss: 0.009735
[INFO] saving regression model...
[INFO] validate model...
Val loss: 0.002306
[INFO] EPOCH: 31/60
Time: 0.114 min, Train loss: 0.004330
[INFO] saving regression model...
[INFO] EPOCH: 32/60
Time: 0.112 min, Train loss: 0.003484
[INFO] saving regression model...
[INFO] EPOCH: 33/60
Time: 0.108 min, Train loss: 0.010491
[INFO] saving regression model...
[INFO] EPOCH: 34/60
Time: 0.116 min, Train loss: 0.004166
[INFO] saving regression model...
[INFO] EPOCH: 35/60
Time: 0.116 min, Train loss: 0.009590
[INFO] saving regression model...
[INFO] validate model...
Val loss: 0.001742
[INFO] EPOCH: 36/60
Time: 0.112 min, Train loss: 0.006693
[INFO] saving regression model...
[INFO] EPOCH: 37/60
Time: 0.116 min, Train loss: 0.005968
[INFO] saving regression model...
[INFO] EPOCH: 38/60
Time: 0.115 min, Train loss: 0.003087
[INFO] saving regression model...
[INFO] EPOCH: 39/60
Time: 0.117 min, Train loss: 0.008053
[INFO] saving regression model...
[INFO] EPOCH: 40/60
Time: 0.116 min, Train loss: 0.003867
[INFO] saving regression model...
[INFO] validate model...
Val loss: 0.001415
[INFO] EPOCH: 41/60
Time: 0.113 min, Train loss: 0.002364
[INFO] saving regression model...
[INFO] EPOCH: 42/60
Time: 0.114 min, Train loss: 0.003114
[INFO] saving regression model...
[INFO] EPOCH: 43/60
Time: 0.115 min, Train loss: 0.010172
[INFO] saving regression model...
[INFO] EPOCH: 44/60
Time: 0.112 min, Train loss: 0.003689
[INFO] saving regression model...
[INFO] EPOCH: 45/60
Time: 0.113 min, Train loss: 0.003604
[INFO] saving regression model...
[INFO] validate model...
Val loss: 0.001386
[INFO] EPOCH: 46/60
Time: 0.116 min, Train loss: 0.003538
[INFO] saving regression model...
[INFO] EPOCH: 47/60
Time: 0.114 min, Train loss: 0.004990
[INFO] saving regression model...
[INFO] EPOCH: 48/60
Time: 0.110 min, Train loss: 0.003611
[INFO] saving regression model...
[INFO] EPOCH: 49/60
Time: 0.112 min, Train loss: 0.004850
[INFO] saving regression model...
[INFO] EPOCH: 50/60
Time: 0.119 min, Train loss: 0.005777
[INFO] saving regression model...
[INFO] validate model...
Val loss: 0.001270
[INFO] EPOCH: 51/60
Time: 0.114 min, Train loss: 0.002523
[INFO] saving regression model...
[INFO] EPOCH: 52/60
Time: 0.111 min, Train loss: 0.006159
[INFO] saving regression model...
[INFO] EPOCH: 53/60
Time: 0.114 min, Train loss: 0.005013
[INFO] saving regression model...
[INFO] EPOCH: 54/60
Time: 0.109 min, Train loss: 0.004230
[INFO] saving regression model...
[INFO] EPOCH: 55/60
Time: 0.117 min, Train loss: 0.002277
[INFO] saving regression model...
[INFO] validate model...
Val loss: 0.001206
[INFO] EPOCH: 56/60
Time: 0.118 min, Train loss: 0.004070
[INFO] saving regression model...
[INFO] EPOCH: 57/60
Time: 0.117 min, Train loss: 0.004386
[INFO] saving regression model...
[INFO] EPOCH: 58/60
Time: 0.113 min, Train loss: 0.006703
[INFO] saving regression model...
[INFO] EPOCH: 59/60
Time: 0.110 min, Train loss: 0.002839
[INFO] saving regression model...
[INFO] EPOCH: 60/60
Time: 0.113 min, Train loss: 0.004247
[INFO] saving regression model...
[INFO] validate model...
Val loss: 0.001120
