data_dir:  hard_data/folding/clip_1/
model_dir:  ./models/hard_data/folding/exp3_2/
self.fps  16.0
end_time_stamps  [215, 385, 547, 698, 839, 1025, 1158, 1404, 1560, 1766, 1987]
mean duration  11.28981818181818
delta  9
tot_samples  2000
pos_samples  99
neg_samples  1901
*** after sampling ***
neg_stride  4
tot_samples  674
pos_samples  198
neg_samples  476
train_samples  640
val_samples  34
train  [1295, 1162, 1562, 20, 603, 222, 1516, 220, 1114, 223]
val  [215, 698, 941, 1737, 1179, 1697, 1761, 391, 1271, 1315]
self.fps  16.0
end_time_stamps  [215, 385, 547, 698, 839, 1025, 1158, 1404, 1560, 1766, 1987]
mean duration  11.28981818181818
delta  9
tot_samples  2000
pos_samples  99
neg_samples  1901
*** after sampling ***
neg_stride  4
tot_samples  674
pos_samples  198
neg_samples  476
train_samples  640
val_samples  34
train  [1295, 1162, 1562, 20, 603, 222, 1516, 220, 1114, 223]
val  [215, 698, 941, 1737, 1179, 1697, 1761, 391, 1271, 1315]
[INFO] training the network...
[INFO] EPOCH: 0/60
Time: 0.548 min, Train loss: 0.129570
[INFO] saving regression model...
[INFO] validate model...
Val loss: 0.119585
[INFO] EPOCH: 1/60
Time: 0.553 min, Train loss: 0.106190
[INFO] saving regression model...
[INFO] EPOCH: 2/60
Time: 0.550 min, Train loss: 0.090539
[INFO] saving regression model...
[INFO] EPOCH: 3/60
Time: 0.585 min, Train loss: 0.080512
[INFO] saving regression model...
[INFO] EPOCH: 4/60
Time: 0.561 min, Train loss: 0.075275
[INFO] saving regression model...
[INFO] EPOCH: 5/60
Time: 0.544 min, Train loss: 0.069784
[INFO] saving regression model...
[INFO] validate model...
Val loss: 0.065075
[INFO] EPOCH: 6/60
Time: 0.548 min, Train loss: 0.064760
[INFO] saving regression model...
[INFO] EPOCH: 7/60
Time: 0.552 min, Train loss: 0.062795
[INFO] saving regression model...
[INFO] EPOCH: 8/60
Time: 0.535 min, Train loss: 0.059939
[INFO] saving regression model...
[INFO] EPOCH: 9/60
Time: 0.551 min, Train loss: 0.059035
[INFO] saving regression model...
[INFO] EPOCH: 10/60
Time: 0.547 min, Train loss: 0.055665
[INFO] saving regression model...
[INFO] validate model...
Val loss: 0.051587
[INFO] EPOCH: 11/60
Time: 0.561 min, Train loss: 0.055170
[INFO] saving regression model...
[INFO] EPOCH: 12/60
Time: 0.563 min, Train loss: 0.051428
[INFO] saving regression model...
[INFO] EPOCH: 13/60
Time: 0.573 min, Train loss: 0.048597
[INFO] saving regression model...
[INFO] EPOCH: 14/60
Time: 0.555 min, Train loss: 0.049224
[INFO] saving regression model...
[INFO] EPOCH: 15/60
Time: 0.580 min, Train loss: 0.044022
[INFO] saving regression model...
[INFO] validate model...
Val loss: 0.042258
[INFO] EPOCH: 16/60
Time: 0.579 min, Train loss: 0.044073
[INFO] saving regression model...
[INFO] EPOCH: 17/60
Time: 0.545 min, Train loss: 0.042258
[INFO] saving regression model...
[INFO] EPOCH: 18/60
Time: 0.536 min, Train loss: 0.040340
[INFO] saving regression model...
[INFO] EPOCH: 19/60
Time: 0.492 min, Train loss: 0.039042
[INFO] saving regression model...
[INFO] EPOCH: 20/60
Time: 0.468 min, Train loss: 0.038432
[INFO] saving regression model...
[INFO] validate model...
Val loss: 0.033707
[INFO] EPOCH: 21/60
Time: 0.475 min, Train loss: 0.038631
[INFO] saving regression model...
[INFO] EPOCH: 22/60
Time: 0.547 min, Train loss: 0.038832
[INFO] saving regression model...
[INFO] EPOCH: 23/60
Time: 0.482 min, Train loss: 0.035874
[INFO] saving regression model...
[INFO] EPOCH: 24/60
Time: 0.466 min, Train loss: 0.038580
[INFO] saving regression model...
[INFO] EPOCH: 25/60
Time: 0.461 min, Train loss: 0.036164
[INFO] saving regression model...
[INFO] validate model...
Val loss: 0.033145
[INFO] EPOCH: 26/60
Time: 0.528 min, Train loss: 0.039469
[INFO] saving regression model...
[INFO] EPOCH: 27/60
Time: 0.547 min, Train loss: 0.038681
[INFO] saving regression model...
[INFO] EPOCH: 28/60
Time: 0.539 min, Train loss: 0.036727
[INFO] saving regression model...
[INFO] EPOCH: 29/60
Time: 0.514 min, Train loss: 0.037935
[INFO] saving regression model...
[INFO] EPOCH: 30/60
Time: 0.543 min, Train loss: 0.035730
[INFO] saving regression model...
[INFO] validate model...
Val loss: 0.031991
[INFO] EPOCH: 31/60
Time: 0.546 min, Train loss: 0.034368
[INFO] saving regression model...
[INFO] EPOCH: 32/60
Time: 0.497 min, Train loss: 0.035923
[INFO] saving regression model...
[INFO] EPOCH: 33/60
Time: 0.568 min, Train loss: 0.036755
[INFO] saving regression model...
[INFO] EPOCH: 34/60
Time: 0.555 min, Train loss: 0.035212
[INFO] saving regression model...
[INFO] EPOCH: 35/60
Time: 0.572 min, Train loss: 0.035960
[INFO] saving regression model...
[INFO] validate model...
Val loss: 0.031251
[INFO] EPOCH: 36/60
Time: 0.570 min, Train loss: 0.035707
[INFO] saving regression model...
[INFO] EPOCH: 37/60
Time: 0.583 min, Train loss: 0.036971
[INFO] saving regression model...
[INFO] EPOCH: 38/60
Time: 0.547 min, Train loss: 0.035394
[INFO] saving regression model...
[INFO] EPOCH: 39/60
Time: 0.500 min, Train loss: 0.035089
[INFO] saving regression model...
[INFO] EPOCH: 40/60
Time: 0.528 min, Train loss: 0.033881
[INFO] saving regression model...
[INFO] validate model...
Val loss: 0.030704
[INFO] EPOCH: 41/60
Time: 0.561 min, Train loss: 0.035894
[INFO] saving regression model...
[INFO] EPOCH: 42/60
Time: 0.574 min, Train loss: 0.035217
[INFO] saving regression model...
[INFO] EPOCH: 43/60
Time: 0.537 min, Train loss: 0.034166
[INFO] saving regression model...
[INFO] EPOCH: 44/60
Time: 0.536 min, Train loss: 0.035918
[INFO] saving regression model...
[INFO] EPOCH: 45/60
Time: 0.541 min, Train loss: 0.035597
[INFO] saving regression model...
[INFO] validate model...
Val loss: 0.030923
[INFO] EPOCH: 46/60
Time: 0.582 min, Train loss: 0.035314
[INFO] saving regression model...
[INFO] EPOCH: 47/60
Time: 0.535 min, Train loss: 0.035595
[INFO] saving regression model...
[INFO] EPOCH: 48/60
Time: 0.537 min, Train loss: 0.034884
[INFO] saving regression model...
[INFO] EPOCH: 49/60
Time: 0.544 min, Train loss: 0.035881
[INFO] saving regression model...
[INFO] EPOCH: 50/60
Time: 0.568 min, Train loss: 0.035513
[INFO] saving regression model...
[INFO] validate model...
Val loss: 0.030639
[INFO] EPOCH: 51/60
Time: 0.557 min, Train loss: 0.036229
[INFO] saving regression model...
[INFO] EPOCH: 52/60
Time: 0.549 min, Train loss: 0.035500
[INFO] saving regression model...
[INFO] EPOCH: 53/60
Time: 0.546 min, Train loss: 0.035048
[INFO] saving regression model...
[INFO] EPOCH: 54/60
Time: 0.541 min, Train loss: 0.035704
[INFO] saving regression model...
[INFO] EPOCH: 55/60
Time: 0.557 min, Train loss: 0.036154
[INFO] saving regression model...
[INFO] validate model...
Val loss: 0.030462
[INFO] EPOCH: 56/60
Time: 0.568 min, Train loss: 0.034461
[INFO] saving regression model...
[INFO] EPOCH: 57/60
Time: 0.537 min, Train loss: 0.034525
[INFO] saving regression model...
[INFO] EPOCH: 58/60
Time: 0.537 min, Train loss: 0.033260
[INFO] saving regression model...
[INFO] EPOCH: 59/60
Time: 0.562 min, Train loss: 0.034630
[INFO] saving regression model...
[INFO] EPOCH: 60/60
Time: 0.546 min, Train loss: 0.034783
[INFO] saving regression model...
[INFO] validate model...
Val loss: 0.030631
