lr  0.01
data_dir:  simple_data/lifting_3/clip_1/
model_dir:  ./models/simple_data/lifting_3/exp3_4/
self.fps  16.0
end_time_stamps  [377, 749, 1099, 1399, 1532, 1892, 2231, 2631, 2934, 3317, 3625, 4077, 4480, 4787, 4951, 5355, 5732, 6052, 6376, 6719, 7048, 7386, 7722, 7934, 8144, 8344, 8523, 8723, 8953, 9262, 9673, 10949, 11263, 11640, 12068, 12493, 12807, 13174, 13561, 14063, 14462, 14844, 15258]
mean duration  22.177023255813953
delta  18
tot_samples  15264
pos_samples  762
neg_samples  14502
*** after sampling ***
neg_stride  6
tot_samples  3179
pos_samples  762
neg_samples  2417
train_samples  3020
val_samples  159
train  [6312, 8364, 8544, 12506, 5640, 10764, 10959, 3738, 5436, 7680]
val  [11256, 389, 7308, 1545, 9682, 2106, 636, 8436, 14346, 11640]
self.fps  16.0
end_time_stamps  [377, 749, 1099, 1399, 1532, 1892, 2231, 2631, 2934, 3317, 3625, 4077, 4480, 4787, 4951, 5355, 5732, 6052, 6376, 6719, 7048, 7386, 7722, 7934, 8144, 8344, 8523, 8723, 8953, 9262, 9673, 10949, 11263, 11640, 12068, 12493, 12807, 13174, 13561, 14063, 14462, 14844, 15258]
mean duration  22.177023255813953
delta  18
tot_samples  15264
pos_samples  762
neg_samples  14502
*** after sampling ***
neg_stride  6
tot_samples  3179
pos_samples  762
neg_samples  2417
train_samples  3020
val_samples  159
train  [6312, 8364, 8544, 12506, 5640, 10764, 10959, 3738, 5436, 7680]
val  [11256, 389, 7308, 1545, 9682, 2106, 636, 8436, 14346, 11640]
[INFO] training the network...
[INFO] EPOCH: 0/60
Time: 2.714 min, Train loss: 0.539415
[INFO] saving regression model...
[INFO] validate model...
Val loss: 0.083527
[INFO] EPOCH: 1/60
Time: 2.697 min, Train loss: 0.284272
[INFO] saving regression model...
[INFO] EPOCH: 2/60
Time: 2.696 min, Train loss: 0.191560
[INFO] saving regression model...
[INFO] EPOCH: 3/60
Time: 2.687 min, Train loss: 0.167370
[INFO] saving regression model...
[INFO] EPOCH: 4/60
Time: 2.684 min, Train loss: 0.130554
[INFO] saving regression model...
[INFO] EPOCH: 5/60
Time: 2.706 min, Train loss: 0.102759
[INFO] saving regression model...
[INFO] validate model...
Val loss: 0.057291
[INFO] EPOCH: 6/60
Time: 2.669 min, Train loss: 0.108786
[INFO] saving regression model...
[INFO] EPOCH: 7/60
Time: 2.627 min, Train loss: 0.082395
[INFO] saving regression model...
[INFO] EPOCH: 8/60
Time: 2.638 min, Train loss: 0.079434
[INFO] saving regression model...
[INFO] EPOCH: 9/60
Time: 2.633 min, Train loss: 0.054530
[INFO] saving regression model...
[INFO] EPOCH: 10/60
Time: 2.633 min, Train loss: 0.040461
[INFO] saving regression model...
[INFO] validate model...
Val loss: 0.011734
[INFO] EPOCH: 11/60
Time: 2.640 min, Train loss: 0.043365
[INFO] saving regression model...
[INFO] EPOCH: 12/60
Time: 2.635 min, Train loss: 0.037221
[INFO] saving regression model...
[INFO] EPOCH: 13/60
Time: 2.628 min, Train loss: 0.031532
[INFO] saving regression model...
[INFO] EPOCH: 14/60
Time: 2.713 min, Train loss: 0.020895
[INFO] saving regression model...
[INFO] EPOCH: 15/60
Time: 2.800 min, Train loss: 0.033362
[INFO] saving regression model...
[INFO] validate model...
Val loss: 0.006153
[INFO] EPOCH: 16/60
Time: 2.745 min, Train loss: 0.023831
[INFO] saving regression model...
[INFO] EPOCH: 17/60
Time: 2.732 min, Train loss: 0.064763
[INFO] saving regression model...
[INFO] EPOCH: 18/60
Time: 2.614 min, Train loss: 0.043290
[INFO] saving regression model...
[INFO] EPOCH: 19/60
Time: 2.678 min, Train loss: 0.008966
[INFO] saving regression model...
[INFO] EPOCH: 20/60
Time: 2.811 min, Train loss: 0.003626
[INFO] saving regression model...
[INFO] validate model...
Val loss: 0.001058
[INFO] EPOCH: 21/60
Time: 2.753 min, Train loss: 0.004131
[INFO] saving regression model...
[INFO] EPOCH: 22/60
Time: 2.679 min, Train loss: 0.003172
[INFO] saving regression model...
[INFO] EPOCH: 23/60
Time: 2.710 min, Train loss: 0.004166
[INFO] saving regression model...
[INFO] EPOCH: 24/60
Time: 2.913 min, Train loss: 0.002235
[INFO] saving regression model...
