lr  0.01
data_dir:  hard_data/folding/clip_1/
model_dir:  ./models/hard_data/folding/exp3_4/
self.fps  16.0
end_time_stamps  [215, 385, 547, 698, 839, 1025, 1158, 1404, 1560, 1766, 1987]
mean duration  11.28981818181818
delta  9
tot_samples  2000
pos_samples  99
neg_samples  1901
*** after sampling ***
neg_stride  6
tot_samples  416
pos_samples  99
neg_samples  317
train_samples  395
val_samples  21
train  [1872, 552, 951, 768, 567, 1641, 700, 1158, 1974, 389]
val  [708, 24, 1800, 1452, 1287, 223, 1407, 762, 1406, 1659]
self.fps  16.0
end_time_stamps  [215, 385, 547, 698, 839, 1025, 1158, 1404, 1560, 1766, 1987]
mean duration  11.28981818181818
delta  9
tot_samples  2000
pos_samples  99
neg_samples  1901
*** after sampling ***
neg_stride  6
tot_samples  416
pos_samples  99
neg_samples  317
train_samples  395
val_samples  21
train  [1872, 552, 951, 768, 567, 1641, 700, 1158, 1974, 389]
val  [708, 24, 1800, 1452, 1287, 223, 1407, 762, 1406, 1659]
[INFO] training the network...
[INFO] EPOCH: 0/60
Time: 0.343 min, Train loss: 1.495942
[INFO] saving regression model...
[INFO] validate model...
Val loss: 0.607525
[INFO] EPOCH: 1/60
Time: 0.344 min, Train loss: 1.014922
[INFO] saving regression model...
[INFO] EPOCH: 2/60
Time: 0.344 min, Train loss: 0.980980
[INFO] saving regression model...
[INFO] EPOCH: 3/60
Time: 0.341 min, Train loss: 0.662846
[INFO] saving regression model...
[INFO] EPOCH: 4/60
Time: 0.339 min, Train loss: 0.502086
[INFO] saving regression model...
[INFO] EPOCH: 5/60
Time: 0.336 min, Train loss: 0.474043
[INFO] saving regression model...
[INFO] validate model...
Val loss: 0.182473
[INFO] EPOCH: 6/60
Time: 0.291 min, Train loss: 0.334309
[INFO] saving regression model...
[INFO] EPOCH: 7/60
Time: 0.285 min, Train loss: 0.277669
[INFO] saving regression model...
[INFO] EPOCH: 8/60
Time: 0.290 min, Train loss: 0.264740
[INFO] saving regression model...
[INFO] EPOCH: 9/60
Time: 0.289 min, Train loss: 0.121989
[INFO] saving regression model...
[INFO] EPOCH: 10/60
Time: 0.290 min, Train loss: 0.142459
[INFO] saving regression model...
[INFO] validate model...
Val loss: 0.455385
[INFO] EPOCH: 11/60
Time: 0.284 min, Train loss: 0.223869
[INFO] saving regression model...
[INFO] EPOCH: 12/60
Time: 0.292 min, Train loss: 0.135917
[INFO] saving regression model...
[INFO] EPOCH: 13/60
Time: 0.285 min, Train loss: 0.152604
[INFO] saving regression model...
[INFO] EPOCH: 14/60
Time: 0.285 min, Train loss: 0.055344
[INFO] saving regression model...
[INFO] EPOCH: 15/60
Time: 0.287 min, Train loss: 0.046088
[INFO] saving regression model...
[INFO] validate model...
Val loss: 0.006495
[INFO] EPOCH: 16/60
Time: 0.289 min, Train loss: 0.076955
[INFO] saving regression model...
[INFO] EPOCH: 17/60
Time: 0.289 min, Train loss: 0.052384
[INFO] saving regression model...
[INFO] EPOCH: 18/60
Time: 0.286 min, Train loss: 0.036376
[INFO] saving regression model...
[INFO] EPOCH: 19/60
Time: 0.291 min, Train loss: 0.040730
[INFO] saving regression model...
[INFO] EPOCH: 20/60
Time: 0.289 min, Train loss: 0.032051
[INFO] saving regression model...
[INFO] validate model...
Val loss: 0.002900
[INFO] EPOCH: 21/60
Time: 0.287 min, Train loss: 0.029698
[INFO] saving regression model...
[INFO] EPOCH: 22/60
Time: 0.289 min, Train loss: 0.010082
[INFO] saving regression model...
[INFO] EPOCH: 23/60
Time: 0.289 min, Train loss: 0.025313
[INFO] saving regression model...
[INFO] EPOCH: 24/60
Time: 0.288 min, Train loss: 0.018549
[INFO] saving regression model...
[INFO] EPOCH: 25/60
Time: 0.304 min, Train loss: 0.018352
[INFO] saving regression model...
[INFO] validate model...
Val loss: 0.001481
[INFO] EPOCH: 26/60
Time: 0.311 min, Train loss: 0.010803
[INFO] saving regression model...
[INFO] EPOCH: 27/60
Time: 0.318 min, Train loss: 0.026200
[INFO] saving regression model...
[INFO] EPOCH: 28/60
Time: 0.307 min, Train loss: 0.029134
[INFO] saving regression model...
[INFO] EPOCH: 29/60
Time: 0.286 min, Train loss: 0.018979
[INFO] saving regression model...
[INFO] EPOCH: 30/60
Time: 0.286 min, Train loss: 0.010414
[INFO] saving regression model...
[INFO] validate model...
Val loss: 0.000764
[INFO] EPOCH: 31/60
Time: 0.304 min, Train loss: 0.055686
[INFO] saving regression model...
[INFO] EPOCH: 32/60
Time: 0.324 min, Train loss: 0.008183
[INFO] saving regression model...
[INFO] EPOCH: 33/60
Time: 0.317 min, Train loss: 0.007994
[INFO] saving regression model...
[INFO] EPOCH: 34/60
Time: 0.324 min, Train loss: 0.007141
[INFO] saving regression model...
[INFO] EPOCH: 35/60
Time: 0.297 min, Train loss: 0.026040
[INFO] saving regression model...
[INFO] validate model...
Val loss: 0.000836
[INFO] EPOCH: 36/60
Time: 0.324 min, Train loss: 0.027731
[INFO] saving regression model...
[INFO] EPOCH: 37/60
Time: 0.313 min, Train loss: 0.016548
[INFO] saving regression model...
[INFO] EPOCH: 38/60
Time: 0.304 min, Train loss: 0.005719
[INFO] saving regression model...
[INFO] EPOCH: 39/60
Time: 0.305 min, Train loss: 0.008625
[INFO] saving regression model...
[INFO] EPOCH: 40/60
Time: 0.321 min, Train loss: 0.008514
[INFO] saving regression model...
[INFO] validate model...
Val loss: 0.000872
[INFO] EPOCH: 41/60
Time: 0.282 min, Train loss: 0.010200
[INFO] saving regression model...
[INFO] EPOCH: 42/60
Time: 0.281 min, Train loss: 0.027791
[INFO] saving regression model...
[INFO] EPOCH: 43/60
Time: 0.280 min, Train loss: 0.009523
[INFO] saving regression model...
[INFO] EPOCH: 44/60
Time: 0.287 min, Train loss: 0.005271
[INFO] saving regression model...
[INFO] EPOCH: 45/60
Time: 0.282 min, Train loss: 0.014697
[INFO] saving regression model...
[INFO] validate model...
Val loss: 0.000855
[INFO] EPOCH: 46/60
Time: 0.305 min, Train loss: 0.014008
[INFO] saving regression model...
[INFO] EPOCH: 47/60
Time: 0.280 min, Train loss: 0.018190
[INFO] saving regression model...
[INFO] EPOCH: 48/60
Time: 0.287 min, Train loss: 0.011042
[INFO] saving regression model...
[INFO] EPOCH: 49/60
Time: 0.286 min, Train loss: 0.017480
[INFO] saving regression model...
[INFO] EPOCH: 50/60
Time: 0.286 min, Train loss: 0.005889
[INFO] saving regression model...
[INFO] validate model...
Val loss: 0.000878
[INFO] EPOCH: 51/60
Time: 0.287 min, Train loss: 0.010974
[INFO] saving regression model...
[INFO] EPOCH: 52/60
Time: 0.292 min, Train loss: 0.027455
[INFO] saving regression model...
[INFO] EPOCH: 53/60
Time: 0.303 min, Train loss: 0.012711
[INFO] saving regression model...
[INFO] EPOCH: 54/60
Time: 0.325 min, Train loss: 0.007272
[INFO] saving regression model...
[INFO] EPOCH: 55/60
Time: 0.311 min, Train loss: 0.009788
[INFO] saving regression model...
[INFO] validate model...
Val loss: 0.000836
[INFO] EPOCH: 56/60
Time: 0.299 min, Train loss: 0.019228
[INFO] saving regression model...
[INFO] EPOCH: 57/60
Time: 0.292 min, Train loss: 0.010258
[INFO] saving regression model...
[INFO] EPOCH: 58/60
Time: 0.331 min, Train loss: 0.009722
[INFO] saving regression model...
[INFO] EPOCH: 59/60
Time: 0.305 min, Train loss: 0.015848
[INFO] saving regression model...
[INFO] EPOCH: 60/60
Time: 0.285 min, Train loss: 0.015442
[INFO] saving regression model...
[INFO] validate model...
