lr  0.01
data_dir:  simple_data/lifting_3/clip_1/
model_dir:  ./models/simple_data/lifting_3/exp3_4_1/
self.fps  16.0
end_time_stamps  [377, 749, 1099, 1399, 1532, 1892, 2231, 2631, 2934, 3317, 3625, 4077, 4480, 4787, 4951, 5355, 5732, 6052, 6376, 6719, 7048, 7386, 7722, 7934, 8144, 8344, 8523, 8723, 8953, 9262, 9673, 10949, 11263, 11640, 12068, 12493, 12807, 13174, 13561, 14063, 14462, 14844, 15258]
mean duration  22.177023255813953
delta  18
tot_samples  15264
pos_samples  762
neg_samples  14502
*** after sampling ***
neg_stride  9
tot_samples  2374
pos_samples  762
neg_samples  1612
train_samples  2255
val_samples  119
train  [9360, 1125, 8361, 10773, 6384, 9774, 10107, 7047, 6903, 10566]
val  [3357, 14247, 3969, 9963, 1897, 1101, 6678, 2637, 3325, 5740]
self.fps  16.0
end_time_stamps  [377, 749, 1099, 1399, 1532, 1892, 2231, 2631, 2934, 3317, 3625, 4077, 4480, 4787, 4951, 5355, 5732, 6052, 6376, 6719, 7048, 7386, 7722, 7934, 8144, 8344, 8523, 8723, 8953, 9262, 9673, 10949, 11263, 11640, 12068, 12493, 12807, 13174, 13561, 14063, 14462, 14844, 15258]
mean duration  22.177023255813953
delta  18
tot_samples  15264
pos_samples  762
neg_samples  14502
*** after sampling ***
neg_stride  9
tot_samples  2374
pos_samples  762
neg_samples  1612
train_samples  2255
val_samples  119
train  [9360, 1125, 8361, 10773, 6384, 9774, 10107, 7047, 6903, 10566]
val  [3357, 14247, 3969, 9963, 1897, 1101, 6678, 2637, 3325, 5740]
[INFO] training the network...
[INFO] EPOCH: 0/30
Time: 2.076 min, Train loss: 0.313214
[INFO] saving regression model...
[INFO] validate model...
Val loss: 0.231635
[INFO] EPOCH: 1/30
Time: 1.967 min, Train loss: 0.145842
[INFO] saving regression model...
[INFO] EPOCH: 2/30
Time: 1.947 min, Train loss: 0.109219
[INFO] saving regression model...
[INFO] EPOCH: 3/30
Time: 2.018 min, Train loss: 0.076171
[INFO] saving regression model...
[INFO] EPOCH: 4/30
Time: 2.187 min, Train loss: 0.066554
[INFO] saving regression model...
[INFO] EPOCH: 5/30
Time: 1.987 min, Train loss: 0.043914
[INFO] saving regression model...
[INFO] validate model...
Val loss: 0.018381
[INFO] EPOCH: 6/30
Time: 2.036 min, Train loss: 0.033474
[INFO] saving regression model...
[INFO] EPOCH: 7/30
Time: 1.995 min, Train loss: 0.024364
[INFO] saving regression model...
[INFO] EPOCH: 8/30
Time: 1.974 min, Train loss: 0.015117
[INFO] saving regression model...
[INFO] EPOCH: 9/30
Time: 2.092 min, Train loss: 0.012413
[INFO] saving regression model...
[INFO] EPOCH: 10/30
Time: 2.225 min, Train loss: 0.005347
[INFO] saving regression model...
[INFO] validate model...
Val loss: 0.000979
[INFO] EPOCH: 11/30
Time: 2.366 min, Train loss: 0.004811
[INFO] saving regression model...
[INFO] EPOCH: 12/30
Time: 2.836 min, Train loss: 0.003911
[INFO] saving regression model...
[INFO] EPOCH: 13/30
Time: 2.726 min, Train loss: 0.004475
[INFO] saving regression model...
[INFO] EPOCH: 14/30
Time: 2.470 min, Train loss: 0.003102
[INFO] saving regression model...
[INFO] EPOCH: 15/30
Time: 2.456 min, Train loss: 0.002643
[INFO] saving regression model...
[INFO] validate model...
Val loss: 0.000618
[INFO] EPOCH: 16/30
Time: 2.454 min, Train loss: 0.003218
[INFO] saving regression model...
[INFO] EPOCH: 17/30
Time: 2.419 min, Train loss: 0.002832
[INFO] saving regression model...
[INFO] EPOCH: 18/30
Time: 2.442 min, Train loss: 0.002864
[INFO] saving regression model...
[INFO] EPOCH: 19/30
Time: 2.406 min, Train loss: 0.002489
[INFO] saving regression model...
[INFO] EPOCH: 20/30
Time: 2.413 min, Train loss: 0.002425
[INFO] saving regression model...
[INFO] validate model...
Val loss: 0.000523
[INFO] EPOCH: 21/30
Time: 2.203 min, Train loss: 0.002337
[INFO] saving regression model...
[INFO] EPOCH: 22/30
Time: 2.192 min, Train loss: 0.002761
[INFO] saving regression model...
[INFO] EPOCH: 23/30
Time: 2.188 min, Train loss: 0.002552
[INFO] saving regression model...
[INFO] EPOCH: 24/30
Time: 2.175 min, Train loss: 0.002499
[INFO] saving regression model...
[INFO] EPOCH: 25/30
Time: 2.204 min, Train loss: 0.003568
[INFO] saving regression model...
[INFO] validate model...
Val loss: 0.000526
[INFO] EPOCH: 26/30
Time: 2.170 min, Train loss: 0.002158
[INFO] saving regression model...
[INFO] EPOCH: 27/30
Time: 1.985 min, Train loss: 0.003099
[INFO] saving regression model...
[INFO] EPOCH: 28/30
Time: 1.965 min, Train loss: 0.002837
[INFO] saving regression model...
[INFO] EPOCH: 29/30
Time: 1.982 min, Train loss: 0.002330
[INFO] saving regression model...
[INFO] EPOCH: 30/30
Time: 1.997 min, Train loss: 0.002923
[INFO] saving regression model...
[INFO] validate model...
Val loss: 0.000501
