lr  0.01
data_dir:  hard_data/folding/clip_1/
model_dir:  ./models/hard_data/folding/exp3_3/
self.fps  16.0
end_time_stamps  [215, 385, 547, 698, 839, 1025, 1158, 1404, 1560, 1766, 1987]
mean duration  11.28981818181818
delta  9
tot_samples  2000
pos_samples  99
neg_samples  1901
*** after sampling ***
neg_stride  6
tot_samples  416
pos_samples  99
neg_samples  317
train_samples  395
val_samples  21
train  [1872, 552, 951, 768, 567, 1641, 700, 1158, 1974, 389]
val  [708, 24, 1800, 1452, 1287, 223, 1407, 762, 1406, 1659]
self.fps  16.0
end_time_stamps  [215, 385, 547, 698, 839, 1025, 1158, 1404, 1560, 1766, 1987]
mean duration  11.28981818181818
delta  9
tot_samples  2000
pos_samples  99
neg_samples  1901
*** after sampling ***
neg_stride  6
tot_samples  416
pos_samples  99
neg_samples  317
train_samples  395
val_samples  21
train  [1872, 552, 951, 768, 567, 1641, 700, 1158, 1974, 389]
val  [708, 24, 1800, 1452, 1287, 223, 1407, 762, 1406, 1659]
[INFO] training the network...
[INFO] EPOCH: 0/60
Time: 0.341 min, Train loss: 0.518673
[INFO] saving regression model...
[INFO] validate model...
Val loss: 0.555441
[INFO] EPOCH: 1/60
Time: 0.344 min, Train loss: 0.501338
[INFO] saving regression model...
[INFO] EPOCH: 2/60
Time: 0.363 min, Train loss: 0.452748
[INFO] saving regression model...
[INFO] EPOCH: 3/60
Time: 0.354 min, Train loss: 0.396491
[INFO] saving regression model...
[INFO] EPOCH: 4/60
Time: 0.339 min, Train loss: 0.314097
[INFO] saving regression model...
[INFO] EPOCH: 5/60
Time: 0.336 min, Train loss: 0.253622
[INFO] saving regression model...
[INFO] validate model...
Val loss: 0.443983
[INFO] EPOCH: 6/60
Time: 0.337 min, Train loss: 0.205156
[INFO] saving regression model...
[INFO] EPOCH: 7/60
Time: 0.338 min, Train loss: 0.183378
[INFO] saving regression model...
[INFO] EPOCH: 8/60
Time: 0.340 min, Train loss: 0.195609
[INFO] saving regression model...
[INFO] EPOCH: 9/60
Time: 0.345 min, Train loss: 0.152102
[INFO] saving regression model...
[INFO] EPOCH: 10/60
Time: 0.361 min, Train loss: 0.086187
[INFO] saving regression model...
[INFO] validate model...
Val loss: 0.193946
[INFO] EPOCH: 11/60
Time: 0.336 min, Train loss: 0.073357
[INFO] saving regression model...
[INFO] EPOCH: 12/60
Time: 0.339 min, Train loss: 0.076738
[INFO] saving regression model...
[INFO] EPOCH: 13/60
Time: 0.337 min, Train loss: 0.068931
[INFO] saving regression model...
[INFO] EPOCH: 14/60
Time: 0.346 min, Train loss: 0.060255
[INFO] saving regression model...
[INFO] EPOCH: 15/60
Time: 0.344 min, Train loss: 0.063122
[INFO] saving regression model...
[INFO] validate model...
Val loss: 0.057608
[INFO] EPOCH: 16/60
Time: 0.342 min, Train loss: 0.037602
[INFO] saving regression model...
[INFO] EPOCH: 17/60
Time: 0.333 min, Train loss: 0.041428
[INFO] saving regression model...
[INFO] EPOCH: 18/60
Time: 0.342 min, Train loss: 0.069543
[INFO] saving regression model...
[INFO] EPOCH: 19/60
Time: 0.363 min, Train loss: 0.037500
[INFO] saving regression model...
[INFO] EPOCH: 20/60
Time: 0.336 min, Train loss: 0.031263
[INFO] saving regression model...
[INFO] validate model...
Val loss: 0.013107
[INFO] EPOCH: 21/60
Time: 0.344 min, Train loss: 0.033150
[INFO] saving regression model...
[INFO] EPOCH: 22/60
Time: 0.336 min, Train loss: 0.017420
[INFO] saving regression model...
[INFO] EPOCH: 23/60
Time: 0.344 min, Train loss: 0.018922
[INFO] saving regression model...
[INFO] EPOCH: 24/60
Time: 0.352 min, Train loss: 0.017395
[INFO] saving regression model...
[INFO] EPOCH: 25/60
Time: 0.342 min, Train loss: 0.023315
[INFO] saving regression model...
[INFO] validate model...
Val loss: 0.002778
[INFO] EPOCH: 26/60
Time: 0.349 min, Train loss: 0.019034
[INFO] saving regression model...
[INFO] EPOCH: 27/60
Time: 0.337 min, Train loss: 0.052666
[INFO] saving regression model...
[INFO] EPOCH: 28/60
Time: 0.342 min, Train loss: 0.011605
[INFO] saving regression model...
[INFO] EPOCH: 29/60
Time: 0.336 min, Train loss: 0.018984
[INFO] saving regression model...
[INFO] EPOCH: 30/60
Time: 0.342 min, Train loss: 0.014397
[INFO] saving regression model...
[INFO] validate model...
Val loss: 0.001609
[INFO] EPOCH: 31/60
Time: 0.347 min, Train loss: 0.008570
[INFO] saving regression model...
[INFO] EPOCH: 32/60
Time: 0.341 min, Train loss: 0.028677
[INFO] saving regression model...
[INFO] EPOCH: 33/60
Time: 0.342 min, Train loss: 0.019734
[INFO] saving regression model...
[INFO] EPOCH: 34/60
Time: 0.315 min, Train loss: 0.017950
[INFO] saving regression model...
[INFO] EPOCH: 35/60
Time: 0.343 min, Train loss: 0.020247
[INFO] saving regression model...
[INFO] validate model...
Val loss: 0.001743
[INFO] EPOCH: 36/60
Time: 0.331 min, Train loss: 0.014568
[INFO] saving regression model...
[INFO] EPOCH: 37/60
Time: 0.326 min, Train loss: 0.007802
[INFO] saving regression model...
[INFO] EPOCH: 38/60
Time: 0.340 min, Train loss: 0.016385
[INFO] saving regression model...
[INFO] EPOCH: 39/60
Time: 0.352 min, Train loss: 0.017879
[INFO] saving regression model...
[INFO] EPOCH: 40/60
Time: 0.331 min, Train loss: 0.019173
[INFO] saving regression model...
[INFO] validate model...
Val loss: 0.000804
[INFO] EPOCH: 41/60
Time: 0.291 min, Train loss: 0.017931
[INFO] saving regression model...
[INFO] EPOCH: 42/60
Time: 0.293 min, Train loss: 0.010279
[INFO] saving regression model...
[INFO] EPOCH: 43/60
Time: 0.283 min, Train loss: 0.009959
[INFO] saving regression model...
[INFO] EPOCH: 44/60
Time: 0.319 min, Train loss: 0.034805
[INFO] saving regression model...
[INFO] EPOCH: 45/60
Time: 0.318 min, Train loss: 0.013633
[INFO] saving regression model...
[INFO] validate model...
Val loss: 0.001100
[INFO] EPOCH: 46/60
Time: 0.306 min, Train loss: 0.007764
[INFO] saving regression model...
[INFO] EPOCH: 47/60
Time: 0.324 min, Train loss: 0.012269
[INFO] saving regression model...
[INFO] EPOCH: 48/60
Time: 0.283 min, Train loss: 0.010336
[INFO] saving regression model...
[INFO] EPOCH: 49/60
Time: 0.284 min, Train loss: 0.007209
[INFO] saving regression model...
[INFO] EPOCH: 50/60
Time: 0.279 min, Train loss: 0.025364
[INFO] saving regression model...
[INFO] validate model...
Val loss: 0.000920
[INFO] EPOCH: 51/60
Time: 0.278 min, Train loss: 0.005169
[INFO] saving regression model...
[INFO] EPOCH: 52/60
Time: 0.288 min, Train loss: 0.012299
[INFO] saving regression model...
[INFO] EPOCH: 53/60
Time: 0.282 min, Train loss: 0.011190
[INFO] saving regression model...
[INFO] EPOCH: 54/60
Time: 0.269 min, Train loss: 0.014112
[INFO] saving regression model...
[INFO] EPOCH: 55/60
Time: 0.289 min, Train loss: 0.009243
[INFO] saving regression model...
[INFO] validate model...
Val loss: 0.000795
[INFO] EPOCH: 56/60
Time: 0.332 min, Train loss: 0.019545
[INFO] saving regression model...
[INFO] EPOCH: 57/60
Time: 0.336 min, Train loss: 0.018469
[INFO] saving regression model...
[INFO] EPOCH: 58/60
Time: 0.332 min, Train loss: 0.009475
[INFO] saving regression model...
[INFO] EPOCH: 59/60
Time: 0.334 min, Train loss: 0.013083
[INFO] saving regression model...
[INFO] EPOCH: 60/60
Time: 0.333 min, Train loss: 0.007603
[INFO] saving regression model...
[INFO] validate model...
Val loss: 0.000680
