lr  0.01
data_dir:  hard_data/kontoor/clip_1/
model_dir:  ./models/hard_data/kontoor/exp3_51/
self.fps  29.97
self.num_ts  3
self.tstride  3
end_time_stamps  [364, 749, 1130, 1509, 1943, 2318, 2687, 3079, 3502, 3965]
mean duration  13.2303
delta  20
tot_samples  3627
pos_samples  180
neg_samples  3447
*** after sampling ***
neg_stride  6
tot_samples  755
pos_samples  180
neg_samples  575
train_samples  717
val_samples  38
train  [3370, 270, 1200, 3582, 1646, 3418, 2478, 2798, 2376, 832]
val  [3086, 2502, 2332, 512, 1236, 440, 3484, 3508, 12, 686]
self.fps  29.97
self.num_ts  3
self.tstride  3
end_time_stamps  [364, 749, 1130, 1509, 1943, 2318, 2687, 3079, 3502, 3965]
mean duration  13.2303
delta  20
tot_samples  3627
pos_samples  180
neg_samples  3447
*** after sampling ***
neg_stride  6
tot_samples  755
pos_samples  180
neg_samples  575
train_samples  717
val_samples  38
train  [3370, 270, 1200, 3582, 1646, 3418, 2478, 2798, 2376, 832]
val  [3086, 2502, 2332, 512, 1236, 440, 3484, 3508, 12, 686]
[INFO] training the network...
[INFO] EPOCH: 0/60
Time: 0.416 min, Train loss: 1.618272
[INFO] saving regression model...
[INFO] validate model...
Val loss: 0.577446
[INFO] EPOCH: 1/60
Time: 0.411 min, Train loss: 0.945950
[INFO] saving regression model...
[INFO] EPOCH: 2/60
Time: 0.411 min, Train loss: 0.716549
[INFO] saving regression model...
[INFO] EPOCH: 3/60
Time: 0.410 min, Train loss: 0.498909
[INFO] saving regression model...
[INFO] EPOCH: 4/60
Time: 0.405 min, Train loss: 0.289171
[INFO] saving regression model...
[INFO] EPOCH: 5/60
Time: 0.406 min, Train loss: 0.230099
[INFO] saving regression model...
[INFO] EPOCH: 6/60
Time: 0.415 min, Train loss: 0.247267
[INFO] saving regression model...
[INFO] EPOCH: 7/60
Time: 0.418 min, Train loss: 0.104427
[INFO] saving regression model...
[INFO] EPOCH: 8/60
Time: 0.417 min, Train loss: 0.112157
[INFO] saving regression model...
[INFO] EPOCH: 9/60
Time: 0.426 min, Train loss: 0.146379
[INFO] saving regression model...
[INFO] EPOCH: 10/60
Time: 0.432 min, Train loss: 0.077871
[INFO] saving regression model...
[INFO] validate model...
Val loss: 0.010666
[INFO] EPOCH: 11/60
Time: 0.434 min, Train loss: 0.104090
[INFO] saving regression model...
[INFO] EPOCH: 12/60
Time: 0.425 min, Train loss: 0.070609
[INFO] saving regression model...
[INFO] EPOCH: 13/60
Time: 0.424 min, Train loss: 0.063124
[INFO] saving regression model...
[INFO] EPOCH: 14/60
Time: 0.398 min, Train loss: 0.063159
[INFO] saving regression model...
[INFO] EPOCH: 15/60
Time: 0.408 min, Train loss: 0.097707
[INFO] saving regression model...
[INFO] EPOCH: 16/60
Time: 0.414 min, Train loss: 0.260894
[INFO] saving regression model...
[INFO] EPOCH: 17/60
Time: 0.417 min, Train loss: 0.155859
[INFO] saving regression model...
[INFO] EPOCH: 18/60
Time: 0.403 min, Train loss: 0.092560
[INFO] saving regression model...
[INFO] EPOCH: 19/60
Time: 0.415 min, Train loss: 0.052179
[INFO] saving regression model...
[INFO] EPOCH: 20/60
Time: 0.412 min, Train loss: 0.034601
[INFO] saving regression model...
[INFO] validate model...
Val loss: 0.010554
[INFO] EPOCH: 21/60
Time: 0.423 min, Train loss: 0.023708
[INFO] saving regression model...
[INFO] EPOCH: 22/60
Time: 0.432 min, Train loss: 0.022771
[INFO] saving regression model...
[INFO] EPOCH: 23/60
Time: 0.426 min, Train loss: 0.036855
[INFO] saving regression model...
[INFO] EPOCH: 24/60
Time: 0.440 min, Train loss: 0.041322
[INFO] saving regression model...
[INFO] EPOCH: 25/60
Time: 0.415 min, Train loss: 0.021195
[INFO] saving regression model...
[INFO] EPOCH: 26/60
Time: 0.423 min, Train loss: 0.027622
[INFO] saving regression model...
[INFO] EPOCH: 27/60
Time: 0.427 min, Train loss: 0.015461
[INFO] saving regression model...
[INFO] EPOCH: 28/60
Time: 0.434 min, Train loss: 0.028431
[INFO] saving regression model...
[INFO] EPOCH: 29/60
Time: 0.405 min, Train loss: 0.019665
[INFO] saving regression model...
[INFO] EPOCH: 30/60
Time: 0.432 min, Train loss: 0.017918
[INFO] saving regression model...
[INFO] validate model...
Val loss: 0.004882
[INFO] EPOCH: 31/60
Time: 0.424 min, Train loss: 0.031691
[INFO] saving regression model...
[INFO] EPOCH: 32/60
Time: 0.424 min, Train loss: 0.012966
[INFO] saving regression model...
[INFO] EPOCH: 33/60
Time: 0.428 min, Train loss: 0.016400
[INFO] saving regression model...
[INFO] EPOCH: 34/60
Time: 0.423 min, Train loss: 0.018192
[INFO] saving regression model...
[INFO] EPOCH: 35/60
Time: 0.425 min, Train loss: 0.053849
[INFO] saving regression model...
[INFO] EPOCH: 36/60
Time: 0.397 min, Train loss: 0.026780
[INFO] saving regression model...
[INFO] EPOCH: 37/60
Time: 0.417 min, Train loss: 0.025063
[INFO] saving regression model...
[INFO] EPOCH: 38/60
Time: 0.411 min, Train loss: 0.016818
[INFO] saving regression model...
[INFO] EPOCH: 39/60
Time: 0.370 min, Train loss: 0.011574
[INFO] saving regression model...
[INFO] EPOCH: 40/60
Time: 0.366 min, Train loss: 0.030675
[INFO] saving regression model...
[INFO] validate model...
Val loss: 0.005079
[INFO] EPOCH: 41/60
Time: 0.366 min, Train loss: 0.009243
[INFO] saving regression model...
[INFO] EPOCH: 42/60
Time: 0.367 min, Train loss: 0.013360
[INFO] saving regression model...
[INFO] EPOCH: 43/60
Time: 0.366 min, Train loss: 0.020138
[INFO] saving regression model...
[INFO] EPOCH: 44/60
Time: 0.370 min, Train loss: 0.041301
[INFO] saving regression model...
[INFO] EPOCH: 45/60
Time: 0.365 min, Train loss: 0.013594
[INFO] saving regression model...
[INFO] EPOCH: 46/60
Time: 0.371 min, Train loss: 0.015525
[INFO] saving regression model...
[INFO] EPOCH: 47/60
Time: 0.372 min, Train loss: 0.016130
[INFO] saving regression model...
[INFO] EPOCH: 48/60
Time: 0.385 min, Train loss: 0.016061
[INFO] saving regression model...
[INFO] EPOCH: 49/60
Time: 0.427 min, Train loss: 0.014111
[INFO] saving regression model...
[INFO] EPOCH: 50/60
Time: 0.397 min, Train loss: 0.016198
[INFO] saving regression model...
[INFO] validate model...
Val loss: 0.005388
[INFO] EPOCH: 51/60
Time: 0.410 min, Train loss: 0.018467
[INFO] saving regression model...
[INFO] EPOCH: 52/60
Time: 0.422 min, Train loss: 0.015885
[INFO] saving regression model...
[INFO] EPOCH: 53/60
Time: 0.418 min, Train loss: 0.018938
[INFO] saving regression model...
[INFO] EPOCH: 54/60
Time: 0.412 min, Train loss: 0.021668
[INFO] saving regression model...
[INFO] EPOCH: 55/60
Time: 0.372 min, Train loss: 0.011558
[INFO] saving regression model...
[INFO] EPOCH: 56/60
Time: 0.367 min, Train loss: 0.013431
[INFO] saving regression model...
[INFO] EPOCH: 57/60
Time: 0.366 min, Train loss: 0.013225
[INFO] saving regression model...
[INFO] EPOCH: 58/60
Time: 0.367 min, Train loss: 0.013846
[INFO] saving regression model...
[INFO] EPOCH: 59/60
Time: 0.365 min, Train loss: 0.012677
[INFO] saving regression model...
[INFO] EPOCH: 60/60
Time: 0.368 min, Train loss: 0.014950
[INFO] saving regression model...
[INFO] validate model...
Val loss: 0.005073
