lr  0.01
data_dir:  simple_data/lifting_1/clip_1/
model_dir:  ./models/simple_data/lifting_1/exp3_4_1/
self.fps  16.0
end_time_stamps  [488, 1037, 1550, 2117, 2675, 3267, 3784, 4342, 4886, 5440, 6030, 6633, 7222, 7802, 8430, 9004, 9629, 10211, 10808, 11401, 11989, 12603, 13215, 13818, 14458, 15077, 15667, 16262, 16896, 17516, 18086, 18707]
mean duration  36.53803125
delta  29
tot_samples  18752
pos_samples  928
neg_samples  17824
*** after sampling ***
neg_stride  9
tot_samples  2909
pos_samples  928
neg_samples  1981
train_samples  2763
val_samples  146
train  [2357, 2125, 4364, 13771, 1550, 6046, 3405, 2710, 4346, 6639]
val  [6633, 18716, 13225, 4950, 8589, 17736, 12013, 3811, 6981, 9007]
self.fps  16.0
end_time_stamps  [488, 1037, 1550, 2117, 2675, 3267, 3784, 4342, 4886, 5440, 6030, 6633, 7222, 7802, 8430, 9004, 9629, 10211, 10808, 11401, 11989, 12603, 13215, 13818, 14458, 15077, 15667, 16262, 16896, 17516, 18086, 18707]
mean duration  36.53803125
delta  29
tot_samples  18752
pos_samples  928
neg_samples  17824
*** after sampling ***
neg_stride  9
tot_samples  2909
pos_samples  928
neg_samples  1981
train_samples  2763
val_samples  146
train  [2357, 2125, 4364, 13771, 1550, 6046, 3405, 2710, 4346, 6639]
val  [6633, 18716, 13225, 4950, 8589, 17736, 12013, 3811, 6981, 9007]
[INFO] training the network...
[INFO] EPOCH: 0/30
Time: 3.139 min, Train loss: 0.444235
[INFO] saving regression model...
[INFO] validate model...
Val loss: 0.232060
[INFO] EPOCH: 1/30
Time: 3.329 min, Train loss: 0.182978
[INFO] saving regression model...
[INFO] EPOCH: 2/30
Time: 3.104 min, Train loss: 0.127054
[INFO] saving regression model...
[INFO] EPOCH: 3/30
Time: 3.245 min, Train loss: 0.102615
[INFO] saving regression model...
[INFO] EPOCH: 4/30
Time: 3.191 min, Train loss: 0.069092
[INFO] saving regression model...
[INFO] EPOCH: 5/30
Time: 3.370 min, Train loss: 0.059389
[INFO] saving regression model...
[INFO] EPOCH: 6/30
Time: 3.705 min, Train loss: 0.037604
[INFO] saving regression model...
[INFO] EPOCH: 7/30
Time: 3.970 min, Train loss: 0.031471
[INFO] saving regression model...
[INFO] EPOCH: 8/30
Time: 4.176 min, Train loss: 0.020888
[INFO] saving regression model...
[INFO] EPOCH: 9/30
Time: 3.726 min, Train loss: 0.016924
[INFO] saving regression model...
[INFO] EPOCH: 10/30
Time: 3.729 min, Train loss: 0.010529
[INFO] saving regression model...
[INFO] validate model...
Val loss: 0.001728
[INFO] EPOCH: 11/30
Time: 3.746 min, Train loss: 0.010811
[INFO] saving regression model...
[INFO] EPOCH: 12/30
Time: 3.754 min, Train loss: 0.008559
[INFO] saving regression model...
[INFO] EPOCH: 13/30
Time: 3.493 min, Train loss: 0.007564
[INFO] saving regression model...
[INFO] EPOCH: 14/30
Time: 3.402 min, Train loss: 0.008589
[INFO] saving regression model...
[INFO] EPOCH: 15/30
Time: 3.416 min, Train loss: 0.014281
[INFO] saving regression model...
[INFO] EPOCH: 16/30
Time: 3.416 min, Train loss: 0.006631
[INFO] saving regression model...
[INFO] EPOCH: 17/30
Time: 3.383 min, Train loss: 0.006341
[INFO] saving regression model...
[INFO] EPOCH: 18/30
Time: 3.162 min, Train loss: 0.007061
[INFO] saving regression model...
[INFO] EPOCH: 19/30
Time: 3.121 min, Train loss: 0.005440
[INFO] saving regression model...
[INFO] EPOCH: 20/30
Time: 3.156 min, Train loss: 0.005424
[INFO] saving regression model...
[INFO] validate model...
Val loss: 0.000707
[INFO] EPOCH: 21/30
Time: 3.292 min, Train loss: 0.005994
[INFO] saving regression model...
[INFO] EPOCH: 22/30
Time: 3.335 min, Train loss: 0.006302
[INFO] saving regression model...
[INFO] EPOCH: 23/30
Time: 3.328 min, Train loss: 0.006252
[INFO] saving regression model...
[INFO] EPOCH: 24/30
Time: 3.306 min, Train loss: 0.005220
[INFO] saving regression model...
[INFO] EPOCH: 25/30
Time: 3.319 min, Train loss: 0.005956
[INFO] saving regression model...
[INFO] EPOCH: 26/30
Time: 3.262 min, Train loss: 0.013780
[INFO] saving regression model...
[INFO] EPOCH: 27/30
Time: 3.334 min, Train loss: 0.008095
[INFO] saving regression model...
[INFO] EPOCH: 28/30
Time: 3.308 min, Train loss: 0.004827
[INFO] saving regression model...
[INFO] EPOCH: 29/30
Time: 3.326 min, Train loss: 0.004908
[INFO] saving regression model...
[INFO] EPOCH: 30/30
Time: 3.306 min, Train loss: 0.005212
[INFO] saving regression model...
[INFO] validate model...
Val loss: 0.000794
