lr  0.01
data_dir:  simple_data/lifting_2/clip_1/
model_dir:  ./models/simple_data/lifting_2/exp3_4_1/
self.fps  16.0
end_time_stamps  [345, 709, 1072, 1496, 1921, 2370, 2728, 3146, 3625, 4037, 4510, 4897, 5311]
mean duration  25.53192307692308
delta  20
tot_samples  5480
pos_samples  260
neg_samples  5220
*** after sampling ***
neg_stride  10
tot_samples  782
pos_samples  260
neg_samples  522
train_samples  742
val_samples  40
train  [4290, 4044, 1760, 2731, 2732, 2738, 4000, 1000, 2550, 1750]
val  [1490, 3910, 4950, 2700, 4430, 5315, 850, 650, 1925, 300]
self.fps  16.0
end_time_stamps  [345, 709, 1072, 1496, 1921, 2370, 2728, 3146, 3625, 4037, 4510, 4897, 5311]
mean duration  25.53192307692308
delta  20
tot_samples  5480
pos_samples  260
neg_samples  5220
*** after sampling ***
neg_stride  10
tot_samples  782
pos_samples  260
neg_samples  522
train_samples  742
val_samples  40
train  [4290, 4044, 1760, 2731, 2732, 2738, 4000, 1000, 2550, 1750]
val  [1490, 3910, 4950, 2700, 4430, 5315, 850, 650, 1925, 300]
[INFO] training the network...
[INFO] EPOCH: 0/30
Time: 0.884 min, Train loss: 1.317708
[INFO] saving regression model...
[INFO] validate model...
Val loss: 0.502604
[INFO] EPOCH: 1/30
Time: 0.888 min, Train loss: 1.295139
[INFO] saving regression model...
[INFO] EPOCH: 2/30
Time: 0.955 min, Train loss: 1.272569
[INFO] saving regression model...
[INFO] EPOCH: 3/30
Time: 0.966 min, Train loss: 1.317708
[INFO] saving regression model...
[INFO] EPOCH: 4/30
Time: 0.979 min, Train loss: 1.317708
[INFO] saving regression model...
[INFO] EPOCH: 5/30
Time: 0.958 min, Train loss: 1.340278
[INFO] saving regression model...
[INFO] EPOCH: 6/30
Time: 0.981 min, Train loss: 1.272569
[INFO] saving regression model...
[INFO] EPOCH: 7/30
Time: 0.982 min, Train loss: 1.317708
[INFO] saving regression model...
[INFO] EPOCH: 8/30
Time: 1.042 min, Train loss: 1.272569
[INFO] saving regression model...
[INFO] EPOCH: 9/30
Time: 1.153 min, Train loss: 1.295139
[INFO] saving regression model...
[INFO] EPOCH: 10/30
Time: 1.129 min, Train loss: 1.295139
[INFO] saving regression model...
[INFO] validate model...
Val loss: 0.502604
[INFO] EPOCH: 11/30
Time: 1.086 min, Train loss: 1.272569
[INFO] saving regression model...
[INFO] EPOCH: 12/30
Time: 1.034 min, Train loss: 1.272569
[INFO] saving regression model...
[INFO] EPOCH: 13/30
Time: 0.969 min, Train loss: 1.340278
[INFO] saving regression model...
[INFO] EPOCH: 14/30
Time: 0.965 min, Train loss: 1.295139
[INFO] saving regression model...
[INFO] EPOCH: 15/30
Time: 0.959 min, Train loss: 1.295139
[INFO] saving regression model...
[INFO] EPOCH: 16/30
Time: 0.965 min, Train loss: 1.295139
[INFO] saving regression model...
[INFO] EPOCH: 17/30
Time: 0.951 min, Train loss: 1.250000
[INFO] saving regression model...
[INFO] EPOCH: 18/30
Time: 0.958 min, Train loss: 1.295139
[INFO] saving regression model...
[INFO] EPOCH: 19/30
Time: 0.959 min, Train loss: 1.272569
[INFO] saving regression model...
[INFO] EPOCH: 20/30
Time: 0.964 min, Train loss: 1.272569
[INFO] saving regression model...
[INFO] validate model...
Val loss: 0.502604
[INFO] EPOCH: 21/30
Time: 0.960 min, Train loss: 1.272569
[INFO] saving regression model...
[INFO] EPOCH: 22/30
Time: 0.961 min, Train loss: 1.272569
[INFO] saving regression model...
[INFO] EPOCH: 23/30
Time: 0.950 min, Train loss: 1.295139
[INFO] saving regression model...
[INFO] EPOCH: 24/30
Time: 0.978 min, Train loss: 1.272569
[INFO] saving regression model...
[INFO] EPOCH: 25/30
Time: 0.975 min, Train loss: 1.295139
[INFO] saving regression model...
[INFO] EPOCH: 26/30
Time: 0.969 min, Train loss: 1.295139
[INFO] saving regression model...
[INFO] EPOCH: 27/30
Time: 0.975 min, Train loss: 1.317708
[INFO] saving regression model...
[INFO] EPOCH: 28/30
Time: 0.973 min, Train loss: 1.295139
[INFO] saving regression model...
[INFO] EPOCH: 29/30
Time: 0.960 min, Train loss: 1.295139
[INFO] saving regression model...
[INFO] EPOCH: 30/30
Time: 0.974 min, Train loss: 1.250000
[INFO] saving regression model...
[INFO] validate model...
Val loss: 0.502604
